Arguments: 
  /home/croraf/.nvm/versions/node/v18.12.1/bin/node /home/croraf/.nvm/versions/node/v18.12.1/bin/yarn run train

PATH: 
  /home/croraf/.nvm/versions/node/v18.12.1/bin:/home/croraf/.cargo/bin:/home/croraf/.local/bin:/usr/local/sbin:/usr/local/bin:/usr/sbin:/usr/bin:/sbin:/bin:/usr/games:/usr/local/games:/snap/bin:/snap/bin

Yarn version: 
  1.22.19

Node version: 
  18.12.1

Platform: 
  linux x64

Trace: 
  SyntaxError: /home/croraf/Desktop/Programiranje/open-source/tensorflow_AI/package.json: Unexpected token } in JSON at position 207
      at JSON.parse (<anonymous>)
      at /home/croraf/.nvm/versions/node/v18.12.1/lib/node_modules/yarn/lib/cli.js:1629:59
      at Generator.next (<anonymous>)
      at step (/home/croraf/.nvm/versions/node/v18.12.1/lib/node_modules/yarn/lib/cli.js:310:30)
      at /home/croraf/.nvm/versions/node/v18.12.1/lib/node_modules/yarn/lib/cli.js:321:13

npm manifest: 
  {
    "name": "tensorflow_ai",
    "version": "1.0.0",
    "description": "",
    "main": "index.js",
    "scripts": {
      "test": "echo \"Error: no test specified\" && exit 1",
      "train": "ts-node src/index.ts",
    },
    "author": "",
    "license": "ISC",
    "dependencies": {
      "@tensorflow/tfjs-node": "^4.19.0",
      "@tensorflow/tfjs-vis": "^1.5.1",
      "@types/node": "^20.12.8",
      "argparse": "^2.0.1",
      "ts-node": "^10.9.2",
      "typescript": "^5.4.5"
    }
  }

yarn manifest: 
  No manifest

Lockfile: 
  # THIS IS AN AUTOGENERATED FILE. DO NOT EDIT THIS FILE DIRECTLY.
  # yarn lockfile v1
  
  
  "@cspotcode/source-map-support@^0.8.0":
    version "0.8.1"
    resolved "https://registry.yarnpkg.com/@cspotcode/source-map-support/-/source-map-support-0.8.1.tgz#00629c35a688e05a88b1cda684fb9d5e73f000a1"
    integrity sha512-IchNf6dN4tHoMFIn/7OE8LWZ19Y6q/67Bmf6vnGREv8RSbBVb9LPJxEcnwrcwX6ixSvaiGoomAUvu4YSxXrVgw==
    dependencies:
      "@jridgewell/trace-mapping" "0.3.9"
  
  "@jridgewell/resolve-uri@^3.0.3":
    version "3.1.2"
    resolved "https://registry.yarnpkg.com/@jridgewell/resolve-uri/-/resolve-uri-3.1.2.tgz#7a0ee601f60f99a20c7c7c5ff0c80388c1189bd6"
    integrity sha512-bRISgCIjP20/tbWSPWMEi54QVPRZExkuD9lJL+UIxUKtwVJA8wW1Trb1jMs1RFXo1CBTNZ/5hpC9QvmKWdopKw==
  
  "@jridgewell/sourcemap-codec@^1.4.10":
    version "1.4.15"
    resolved "https://registry.yarnpkg.com/@jridgewell/sourcemap-codec/-/sourcemap-codec-1.4.15.tgz#d7c6e6755c78567a951e04ab52ef0fd26de59f32"
    integrity sha512-eF2rxCRulEKXHTRiDrDy6erMYWqNw4LPdQ8UQA4huuxaQsVeRPFl2oM8oDGxMFhJUWZf9McpLtJasDDZb/Bpeg==
  
  "@jridgewell/trace-mapping@0.3.9":
    version "0.3.9"
    resolved "https://registry.yarnpkg.com/@jridgewell/trace-mapping/-/trace-mapping-0.3.9.tgz#6534fd5933a53ba7cbf3a17615e273a0d1273ff9"
    integrity sha512-3Belt6tdc8bPgAtbcmdtNJlirVoTmEb5e2gC94PnkwEW9jI6CAHUeoG85tjWP5WquqfavoMtMwiG4P926ZKKuQ==
    dependencies:
      "@jridgewell/resolve-uri" "^3.0.3"
      "@jridgewell/sourcemap-codec" "^1.4.10"
  
  "@mapbox/node-pre-gyp@1.0.9":
    version "1.0.9"
    resolved "https://registry.yarnpkg.com/@mapbox/node-pre-gyp/-/node-pre-gyp-1.0.9.tgz#09a8781a3a036151cdebbe8719d6f8b25d4058bc"
    integrity sha512-aDF3S3rK9Q2gey/WAttUlISduDItz5BU3306M9Eyv6/oS40aMprnopshtlKTykxRNIBEZuRMaZAnbrQ4QtKGyw==
    dependencies:
      detect-libc "^2.0.0"
      https-proxy-agent "^5.0.0"
      make-dir "^3.1.0"
      node-fetch "^2.6.7"
      nopt "^5.0.0"
      npmlog "^5.0.1"
      rimraf "^3.0.2"
      semver "^7.3.5"
      tar "^6.1.11"
  
  "@tensorflow/tfjs-backend-cpu@4.19.0":
    version "4.19.0"
    resolved "https://registry.yarnpkg.com/@tensorflow/tfjs-backend-cpu/-/tfjs-backend-cpu-4.19.0.tgz#95484116d01fe802b597ca2f12351ace0f15b25a"
    integrity sha512-7pT05Ea6GTXjbqRgkmayZRYvaiNl3LLk1TyfUvC8iIqMw5d7p4Wgte2pfM2gMbIZ/opOxURhFYuI0FiQvUrW6g==
    dependencies:
      "@types/seedrandom" "^2.4.28"
      seedrandom "^3.0.5"
  
  "@tensorflow/tfjs-backend-webgl@4.19.0":
    version "4.19.0"
    resolved "https://registry.yarnpkg.com/@tensorflow/tfjs-backend-webgl/-/tfjs-backend-webgl-4.19.0.tgz#9a732b99da64f861ce8bbe75e4b5aaa466aafedd"
    integrity sha512-R0DC1W65lqTOccCwxMhH+VOKCgSrhd9GEejIIGhjeXt6oZlACFnOx4SuUr/qKLCDsL5I4E9iFLxAJMmsfYvARw==
    dependencies:
      "@tensorflow/tfjs-backend-cpu" "4.19.0"
      "@types/offscreencanvas" "~2019.3.0"
      "@types/seedrandom" "^2.4.28"
      seedrandom "^3.0.5"
  
  "@tensorflow/tfjs-converter@4.19.0":
    version "4.19.0"
    resolved "https://registry.yarnpkg.com/@tensorflow/tfjs-converter/-/tfjs-converter-4.19.0.tgz#77fa13f2f06180570390380981e3c5aa9235637a"
    integrity sha512-xIOE6enaVHPYCXKpHxJnUlN8hzlcQkgFSymHjBmdDnNCresuRwBGz4dqYAQMeQG21Ei3lxCQFdDDH7aSvUEAPw==
  
  "@tensorflow/tfjs-core@4.19.0":
    version "4.19.0"
    resolved "https://registry.yarnpkg.com/@tensorflow/tfjs-core/-/tfjs-core-4.19.0.tgz#90cadaeb3e4646e378f840ee6a86ce5a19a6f81c"
    integrity sha512-GZ0d53PG0HGQCC7hbWv1qDnZctHYe/cafHZrBY5eNeQjQE6fBr3NsR5GfLadT0TELwmX9/nyritGDzvy6xmzHQ==
    dependencies:
      "@types/long" "^4.0.1"
      "@types/offscreencanvas" "~2019.7.0"
      "@types/seedrandom" "^2.4.28"
      "@webgpu/types" "0.1.38"
      long "4.0.0"
      node-fetch "~2.6.1"
      seedrandom "^3.0.5"
  
  "@tensorflow/tfjs-data@4.19.0":
    version "4.19.0"
    resolved "https://registry.yarnpkg.com/@tensorflow/tfjs-data/-/tfjs-data-4.19.0.tgz#c88abc26782d16604f58e3e65cdd00386ab1c853"
    integrity sha512-n0ZgJp5UhhBatohUt9pXSCCApusK+1Flyk6yDrQYuxOTjhRppd6jYrF7LCDG3hMFi3QLGl0jab1zYrn9BwtC/w==
    dependencies:
      "@types/node-fetch" "^2.1.2"
      node-fetch "~2.6.1"
      string_decoder "^1.3.0"
  
  "@tensorflow/tfjs-layers@4.19.0":
    version "4.19.0"
    resolved "https://registry.yarnpkg.com/@tensorflow/tfjs-layers/-/tfjs-layers-4.19.0.tgz#73b5a3f5580807d5d56188d9b6ad4658d810fefa"
    integrity sha512-NufvuRaZdIyoG+R13d7oL8G5Bywox+ihPMiMZ3tWU+me8C8Y0pVC69mrnhOS9R8an7GDxKKSTTNEZhUvPvMGiQ==
  
  "@tensorflow/tfjs-node@^4.19.0":
    version "4.19.0"
    resolved "https://registry.yarnpkg.com/@tensorflow/tfjs-node/-/tfjs-node-4.19.0.tgz#a922db9cd8284cee8eb7655e539dab12c32c272c"
    integrity sha512-1HLIAuu5azP8SW7t5EZc1W5VOdjWndJYz1N1agz0It/tMtnuWIdAfcY08VjfuiI/NhAwuPShehqv6CZ3SYh+Vg==
    dependencies:
      "@mapbox/node-pre-gyp" "1.0.9"
      "@tensorflow/tfjs" "4.19.0"
      adm-zip "^0.5.2"
      google-protobuf "^3.9.2"
      https-proxy-agent "^2.2.1"
      progress "^2.0.0"
      rimraf "^2.6.2"
      tar "^4.4.6"
  
  "@tensorflow/tfjs-vis@^1.5.1":
    version "1.5.1"
    resolved "https://registry.yarnpkg.com/@tensorflow/tfjs-vis/-/tfjs-vis-1.5.1.tgz#e959832ee42ed99f71b073a3e6cf8bbfe136e589"
    integrity sha512-oNithKiR7VZaE+xUvz6Leww4TYEPhKi8j5xnEYvT3j7brK2Njdvril7UgFtZ8EYZBdeX6XNim5Eu3/23gTQ1dA==
    dependencies:
      d3-format "~1.3.0"
      d3-selection "~1.3.0"
      glamor "~2.20.40"
      preact "~8.2.9"
      vega "5.20.0"
      vega-embed "6.17.0"
      vega-lite "4.13.1"
  
  "@tensorflow/tfjs@4.19.0":
    version "4.19.0"
    resolved "https://registry.yarnpkg.com/@tensorflow/tfjs/-/tfjs-4.19.0.tgz#b7c2e7911d89770d2432428328e0db8922501f5f"
    integrity sha512-d2A1lTc6my7GJ5LwqzXa+igJ5+18exwsnaphZ3roi5nJ197uwxVSMIc2vSJnqZz1KajC5/mZgQr67EZrpTFlBg==
    dependencies:
      "@tensorflow/tfjs-backend-cpu" "4.19.0"
      "@tensorflow/tfjs-backend-webgl" "4.19.0"
      "@tensorflow/tfjs-converter" "4.19.0"
      "@tensorflow/tfjs-core" "4.19.0"
      "@tensorflow/tfjs-data" "4.19.0"
      "@tensorflow/tfjs-layers" "4.19.0"
      argparse "^1.0.10"
      chalk "^4.1.0"
      core-js "3.29.1"
      regenerator-runtime "^0.13.5"
      yargs "^16.0.3"
  
  "@tsconfig/node10@^1.0.7":
    version "1.0.11"
    resolved "https://registry.yarnpkg.com/@tsconfig/node10/-/node10-1.0.11.tgz#6ee46400685f130e278128c7b38b7e031ff5b2f2"
    integrity sha512-DcRjDCujK/kCk/cUe8Xz8ZSpm8mS3mNNpta+jGCA6USEDfktlNvm1+IuZ9eTcDbNk41BHwpHHeW+N1lKCz4zOw==
  
  "@tsconfig/node12@^1.0.7":
    version "1.0.11"
    resolved "https://registry.yarnpkg.com/@tsconfig/node12/-/node12-1.0.11.tgz#ee3def1f27d9ed66dac6e46a295cffb0152e058d"
    integrity sha512-cqefuRsh12pWyGsIoBKJA9luFu3mRxCA+ORZvA4ktLSzIuCUtWVxGIuXigEwO5/ywWFMZ2QEGKWvkZG1zDMTag==
  
  "@tsconfig/node14@^1.0.0":
    version "1.0.3"
    resolved "https://registry.yarnpkg.com/@tsconfig/node14/-/node14-1.0.3.tgz#e4386316284f00b98435bf40f72f75a09dabf6c1"
    integrity sha512-ysT8mhdixWK6Hw3i1V2AeRqZ5WfXg1G43mqoYlM2nc6388Fq5jcXyr5mRsqViLx/GJYdoL0bfXD8nmF+Zn/Iow==
  
  "@tsconfig/node16@^1.0.2":
    version "1.0.4"
    resolved "https://registry.yarnpkg.com/@tsconfig/node16/-/node16-1.0.4.tgz#0b92dcc0cc1c81f6f306a381f28e31b1a56536e9"
    integrity sha512-vxhUy4J8lyeyinH7Azl1pdd43GJhZH/tP2weN8TntQblOY+A0XbT8DJk1/oCPuOOyg/Ja757rG0CgHcWC8OfMA==
  
  "@types/clone@~0.1.30":
    version "0.1.30"
    resolved "https://registry.yarnpkg.com/@types/clone/-/clone-0.1.30.tgz#e7365648c1b42136a59c7d5040637b3b5c83b614"
    integrity sha512-vcxBr+ybljeSiasmdke1cQ9ICxoEwaBgM1OQ/P5h4MPj/kRyLcDl5L8PrftlbyV1kBbJIs3M3x1A1+rcWd4mEA==
  
  "@types/estree@^1.0.0":
    version "1.0.5"
    resolved "https://registry.yarnpkg.com/@types/estree/-/estree-1.0.5.tgz#a6ce3e556e00fd9895dd872dd172ad0d4bd687f4"
    integrity sha512-/kYRxGDLWzHOB7q+wtSUQlFrtcdUccpfy+X+9iMBpHK8QLLhx2wIPYuS5DYtR9Wa/YlZAbIovy7qVdB1Aq6Lyw==
  
  "@types/fast-json-stable-stringify@^2.0.0":
    version "2.1.0"
    resolved "https://registry.yarnpkg.com/@types/fast-json-stable-stringify/-/fast-json-stable-stringify-2.1.0.tgz#c4d9c003d546b7ca9496ea924e9e9faca72873b4"
    integrity sha512-IyNhGHu71jH1jCXTHmafuoAAdsbBON3kDh7u/UUhLmjYgN5TYB54e1R8ckTCiIevl2UuZaCsi9XRxineY5yUjw==
    dependencies:
      fast-json-stable-stringify "*"
  
  "@types/long@^4.0.1":
    version "4.0.2"
    resolved "https://registry.yarnpkg.com/@types/long/-/long-4.0.2.tgz#b74129719fc8d11c01868010082d483b7545591a"
    integrity sha512-MqTGEo5bj5t157U6fA/BiDynNkn0YknVdh48CMPkTSpFTVmvao5UQmm7uEF6xBEo7qIMAlY/JSleYaE6VOdpaA==
  
  "@types/node-fetch@^2.1.2":
    version "2.6.11"
    resolved "https://registry.yarnpkg.com/@types/node-fetch/-/node-fetch-2.6.11.tgz#9b39b78665dae0e82a08f02f4967d62c66f95d24"
    integrity sha512-24xFj9R5+rfQJLRyM56qh+wnVSYhyXC2tkoBndtY0U+vubqNsYXGjufB2nn8Q6gt0LrARwL6UBtMCSVCwl4B1g==
    dependencies:
      "@types/node" "*"
      form-data "^4.0.0"
  
  "@types/node@*", "@types/node@^20.12.8":
    version "20.12.8"
    resolved "https://registry.yarnpkg.com/@types/node/-/node-20.12.8.tgz#35897bf2bfe3469847ab04634636de09552e8256"
    integrity sha512-NU0rJLJnshZWdE/097cdCBbyW1h4hEg0xpovcoAQYHl8dnEyp/NAOiE45pvc+Bd1Dt+2r94v2eGFpQJ4R7g+2w==
    dependencies:
      undici-types "~5.26.4"
  
  "@types/offscreencanvas@~2019.3.0":
    version "2019.3.0"
    resolved "https://registry.yarnpkg.com/@types/offscreencanvas/-/offscreencanvas-2019.3.0.tgz#3336428ec7e9180cf4566dfea5da04eb586a6553"
    integrity sha512-esIJx9bQg+QYF0ra8GnvfianIY8qWB0GBx54PK5Eps6m+xTj86KLavHv6qDhzKcu5UUOgNfJ2pWaIIV7TRUd9Q==
  
  "@types/offscreencanvas@~2019.7.0":
    version "2019.7.3"
    resolved "https://registry.yarnpkg.com/@types/offscreencanvas/-/offscreencanvas-2019.7.3.tgz#90267db13f64d6e9ccb5ae3eac92786a7c77a516"
    integrity sha512-ieXiYmgSRXUDeOntE1InxjWyvEelZGP63M+cGuquuRLuIKKT1osnkXjxev9B7d1nXSug5vpunx+gNlbVxMlC9A==
  
  "@types/seedrandom@^2.4.28":
    version "2.4.34"
    resolved "https://registry.yarnpkg.com/@types/seedrandom/-/seedrandom-2.4.34.tgz#c725cd0fc0442e2d3d0e5913af005686ffb7eb99"
    integrity sha512-ytDiArvrn/3Xk6/vtylys5tlY6eo7Ane0hvcx++TKo6RxQXuVfW0AF/oeWqAj9dN29SyhtawuXstgmPlwNcv/A==
  
  "@webgpu/types@0.1.38":
    version "0.1.38"
    resolved "https://registry.yarnpkg.com/@webgpu/types/-/types-0.1.38.tgz#6fda4b410edc753d3213c648320ebcf319669020"
    integrity sha512-7LrhVKz2PRh+DD7+S+PVaFd5HxaWQvoMqBbsV9fNJO1pjUs1P8bM2vQVNfk+3URTqbuTI7gkXi0rfsN0IadoBA==
  
  abbrev@1:
    version "1.1.1"
    resolved "https://registry.yarnpkg.com/abbrev/-/abbrev-1.1.1.tgz#f8f2c887ad10bf67f634f005b6987fed3179aac8"
    integrity sha512-nne9/IiQ/hzIhY6pdDnbBtz7DjPTKrY00P/zvPSm5pOFkl6xuGrGnXn/VtTNNfNtAfZ9/1RtehkszU9qcTii0Q==
  
  acorn-walk@^8.1.1:
    version "8.3.2"
    resolved "https://registry.yarnpkg.com/acorn-walk/-/acorn-walk-8.3.2.tgz#7703af9415f1b6db9315d6895503862e231d34aa"
    integrity sha512-cjkyv4OtNCIeqhHrfS81QWXoCBPExR/J62oyEqepVw8WaQeSqpW2uhuLPh1m9eWhDuOo/jUXVTlifvesOWp/4A==
  
  acorn@^8.4.1:
    version "8.11.3"
    resolved "https://registry.yarnpkg.com/acorn/-/acorn-8.11.3.tgz#71e0b14e13a4ec160724b38fb7b0f233b1b81d7a"
    integrity sha512-Y9rRfJG5jcKOE0CLisYbojUjIrIEE7AGMzA/Sm4BslANhbS+cDMpgBdcPT91oJ7OuJ9hYJBx59RjbhxVnrF8Xg==
  
  adm-zip@^0.5.2:
    version "0.5.12"
    resolved "https://registry.yarnpkg.com/adm-zip/-/adm-zip-0.5.12.tgz#87786328e91d54b37358d8a50f954c4cd73ba60b"
    integrity sha512-6TVU49mK6KZb4qG6xWaaM4C7sA/sgUMLy/JYMOzkcp3BvVLpW0fXDFQiIzAuxFCt/2+xD7fNIiPFAoLZPhVNLQ==
  
  agent-base@6:
    version "6.0.2"
    resolved "https://registry.yarnpkg.com/agent-base/-/agent-base-6.0.2.tgz#49fff58577cfee3f37176feab4c22e00f86d7f77"
    integrity sha512-RZNwNclF7+MS/8bDg70amg32dyeZGZxiDuQmZxKLAlQjr3jGyLx+4Kkk58UO7D2QdgFIQCovuSuZESne6RG6XQ==
    dependencies:
      debug "4"
  
  agent-base@^4.3.0:
    version "4.3.0"
    resolved "https://registry.yarnpkg.com/agent-base/-/agent-base-4.3.0.tgz#8165f01c436009bccad0b1d122f05ed770efc6ee"
    integrity sha512-salcGninV0nPrwpGNn4VTXBb1SOuXQBiqbrNXoeizJsHrsL6ERFM2Ne3JUSBWRE6aeNJI2ROP/WEEIDUiDe3cg==
    dependencies:
      es6-promisify "^5.0.0"
  
  ansi-regex@^5.0.1:
    version "5.0.1"
    resolved "https://registry.yarnpkg.com/ansi-regex/-/ansi-regex-5.0.1.tgz#082cb2c89c9fe8659a311a53bd6a4dc5301db304"
    integrity sha512-quJQXlTSUGL2LH9SUXo8VwsY4soanhgo6LNSm84E1LBcE8s3O0wpdiRzyR9z/ZZJMlMWv37qOOb9pdJlMUEKFQ==
  
  ansi-styles@^4.0.0, ansi-styles@^4.1.0:
    version "4.3.0"
    resolved "https://registry.yarnpkg.com/ansi-styles/-/ansi-styles-4.3.0.tgz#edd803628ae71c04c85ae7a0906edad34b648937"
    integrity sha512-zbB9rCJAT1rbjiVDb2hqKFHNYLxgtk8NURxZ3IZwD3F6NtxbXZQCnnSi1Lkx+IDohdPlFp222wVALIheZJQSEg==
    dependencies:
      color-convert "^2.0.1"
  
  "aproba@^1.0.3 || ^2.0.0":
    version "2.0.0"
    resolved "https://registry.yarnpkg.com/aproba/-/aproba-2.0.0.tgz#52520b8ae5b569215b354efc0caa3fe1e45a8adc"
    integrity sha512-lYe4Gx7QT+MKGbDsA+Z+he/Wtef0BiwDOlK/XkBrdfsh9J/jPPXbX0tE9x9cl27Tmu5gg3QUbUrQYa/y+KOHPQ==
  
  are-we-there-yet@^2.0.0:
    version "2.0.0"
    resolved "https://registry.yarnpkg.com/are-we-there-yet/-/are-we-there-yet-2.0.0.tgz#372e0e7bd279d8e94c653aaa1f67200884bf3e1c"
    integrity sha512-Ci/qENmwHnsYo9xKIcUJN5LeDKdJ6R1Z1j9V/J5wyq8nh/mYPEpIKJbBZXtZjG04HiK7zV/p6Vs9952MrMeUIw==
    dependencies:
      delegates "^1.0.0"
      readable-stream "^3.6.0"
  
  arg@^4.1.0:
    version "4.1.3"
    resolved "https://registry.yarnpkg.com/arg/-/arg-4.1.3.tgz#269fc7ad5b8e42cb63c896d5666017261c144089"
    integrity sha512-58S9QDqG0Xx27YwPSt9fJxivjYl432YCwfDMfZ+71RAqUrZef7LrKQZ3LHLOwCS4FLNBplP533Zx895SeOCHvA==
  
  argparse@^1.0.10:
    version "1.0.10"
    resolved "https://registry.yarnpkg.com/argparse/-/argparse-1.0.10.tgz#bcd6791ea5ae09725e17e5ad988134cd40b3d911"
    integrity sha512-o5Roy6tNG4SL/FOkCAN6RzjiakZS25RLYFrcMttJqbdd8BWrnA+fGz57iN5Pb06pvBGvl5gQ0B48dJlslXvoTg==
    dependencies:
      sprintf-js "~1.0.2"
  
  argparse@^2.0.1:
    version "2.0.1"
    resolved "https://registry.yarnpkg.com/argparse/-/argparse-2.0.1.tgz#246f50f3ca78a3240f6c997e8a9bd1eac49e4b38"
    integrity sha512-8+9WqebbFzpX9OR+Wa6O29asIogeRMzcGtAINdpMHHyAg10f05aSFVBbcEqGf/PXw1EjAZ+q2/bEBg3DvurK3Q==
  
  array-flat-polyfill@^1.0.1:
    version "1.0.1"
    resolved "https://registry.yarnpkg.com/array-flat-polyfill/-/array-flat-polyfill-1.0.1.tgz#1e3a4255be619dfbffbfd1d635c1cf357cd034e7"
    integrity sha512-hfJmKupmQN0lwi0xG6FQ5U8Rd97RnIERplymOv/qpq8AoNKPPAnxJadjFA23FNWm88wykh9HmpLJUUwUtNU/iw==
  
  asap@~2.0.3:
    version "2.0.6"
    resolved "https://registry.yarnpkg.com/asap/-/asap-2.0.6.tgz#e50347611d7e690943208bbdafebcbc2fb866d46"
    integrity sha512-BSHWgDSAiKs50o2Re8ppvp3seVHXSRM44cdSsT9FfNEUUZLOGWVCsiWaRPWM1Znn+mqZ1OfVZ3z3DWEzSp7hRA==
  
  asynckit@^0.4.0:
    version "0.4.0"
    resolved "https://registry.yarnpkg.com/asynckit/-/asynckit-0.4.0.tgz#c79ed97f7f34cb8f2ba1bc9790bcc366474b4b79"
    integrity sha512-Oei9OH4tRh0YqU3GxhX79dM/mwVgvbZJaSNaRk+bshkj0S5cfHcgYakreBjrHwatXKbz+IoIdYLxrKim2MjW0Q==
  
  balanced-match@^1.0.0:
    version "1.0.2"
    resolved "https://registry.yarnpkg.com/balanced-match/-/balanced-match-1.0.2.tgz#e83e3a7e3f300b34cb9d87f615fa0cbf357690ee"
    integrity sha512-3oSeUO0TMV67hN1AmbXsK4yaqU7tjiHlbxRDZOpH0KW9+CeX4bRAaX0Anxt0tx2MrpRpWwQaPwIlISEJhYU5Pw==
  
  bowser@^1.7.3:
    version "1.9.4"
    resolved "https://registry.yarnpkg.com/bowser/-/bowser-1.9.4.tgz#890c58a2813a9d3243704334fa81b96a5c150c9a"
    integrity sha512-9IdMmj2KjigRq6oWhmwv1W36pDuA4STQZ8q6YO9um+x07xgYNCD3Oou+WP/3L1HNz7iqythGet3/p4wvc8AAwQ==
  
  brace-expansion@^1.1.7:
    version "1.1.11"
    resolved "https://registry.yarnpkg.com/brace-expansion/-/brace-expansion-1.1.11.tgz#3c7fcbf529d87226f3d2f52b966ff5271eb441dd"
    integrity sha512-iCuPHDFgrHX7H2vEI/5xpz07zSHB00TpugqhmYtVmMO6518mCuRMoOYFldEBl0g187ufozdaHgWKcYFb61qGiA==
    dependencies:
      balanced-match "^1.0.0"
      concat-map "0.0.1"
  
  camelcase@^5.0.0:
    version "5.3.1"
    resolved "https://registry.yarnpkg.com/camelcase/-/camelcase-5.3.1.tgz#e3c9b31569e106811df242f715725a1f4c494320"
    integrity sha512-L28STB170nwWS63UjtlEOE3dldQApaJXZkOI1uMFfzf3rRuPegHaHesyee+YxQ+W6SvRDQV6UrdOdRiR153wJg==
  
  chalk@^4.1.0:
    version "4.1.2"
    resolved "https://registry.yarnpkg.com/chalk/-/chalk-4.1.2.tgz#aac4e2b7734a740867aeb16bf02aad556a1e7a01"
    integrity sha512-oKnbhFyRIXpUuez8iBMmyEa4nbj4IOQyuhc/wy9kY7/WVPcwIO9VA668Pu8RkO7+0G76SLROeyw9CpQ061i4mA==
    dependencies:
      ansi-styles "^4.1.0"
      supports-color "^7.1.0"
  
  chownr@^1.1.4:
    version "1.1.4"
    resolved "https://registry.yarnpkg.com/chownr/-/chownr-1.1.4.tgz#6fc9d7b42d32a583596337666e7d08084da2cc6b"
    integrity sha512-jJ0bqzaylmJtVnNgzTeSOs8DPavpbYgEr/b0YL8/2GO3xJEhInFmhKMUnEJQjZumK7KXGFhUy89PrsJWlakBVg==
  
  chownr@^2.0.0:
    version "2.0.0"
    resolved "https://registry.yarnpkg.com/chownr/-/chownr-2.0.0.tgz#15bfbe53d2eab4cf70f18a8cd68ebe5b3cb1dece"
    integrity sha512-bIomtDF5KGpdogkLd9VspvFzk9KfpyyGlS8YFVZl7TGPBHL5snIOnxeshwVgPteQ9b4Eydl+pVbIyE1DcvCWgQ==
  
  cliui@^6.0.0:
    version "6.0.0"
    resolved "https://registry.yarnpkg.com/cliui/-/cliui-6.0.0.tgz#511d702c0c4e41ca156d7d0e96021f23e13225b1"
    integrity sha512-t6wbgtoCXvAzst7QgXxJYqPt0usEfbgQdftEPbLL/cvv6HPE5VgvqCuAIDR0NgU52ds6rFwqrgakNLrHEjCbrQ==
    dependencies:
      string-width "^4.2.0"
      strip-ansi "^6.0.0"
      wrap-ansi "^6.2.0"
  
  cliui@^7.0.2:
    version "7.0.4"
    resolved "https://registry.yarnpkg.com/cliui/-/cliui-7.0.4.tgz#a0265ee655476fc807aea9df3df8df7783808b4f"
    integrity sha512-OcRE68cOsVMXp1Yvonl/fzkQOyjLSu/8bhPDfQt0e0/Eb283TKP20Fs2MqoPsr9SwA595rRCA+QMzYc9nBP+JQ==
    dependencies:
      string-width "^4.2.0"
      strip-ansi "^6.0.0"
      wrap-ansi "^7.0.0"
  
  clone@~2.1.2:
    version "2.1.2"
    resolved "https://registry.yarnpkg.com/clone/-/clone-2.1.2.tgz#1b7f4b9f591f1e8f83670401600345a02887435f"
    integrity sha512-3Pe/CF1Nn94hyhIYpjtiLhdCoEoz0DqQ+988E9gmeEdQZlojxnOb74wctFyuwWQHzqyf9X7C7MG8juUpqBJT8w==
  
  color-convert@^2.0.1:
    version "2.0.1"
    resolved "https://registry.yarnpkg.com/color-convert/-/color-convert-2.0.1.tgz#72d3a68d598c9bdb3af2ad1e84f21d896abd4de3"
    integrity sha512-RRECPsj7iu/xb5oKYcsFHSppFNnsj/52OVTRKb4zP5onXwVF3zVmmToNcOfGC+CRDpfK/U584fMg38ZHCaElKQ==
    dependencies:
      color-name "~1.1.4"
  
  color-name@~1.1.4:
    version "1.1.4"
    resolved "https://registry.yarnpkg.com/color-name/-/color-name-1.1.4.tgz#c2a09a87acbde69543de6f63fa3995c826c536a2"
    integrity sha512-dOy+3AuW3a2wNbZHIuMZpTcgjGuLU/uBL/ubcZF9OXbDo8ff4O8yVp5Bf0efS8uEoYo5q4Fx7dY9OgQGXgAsQA==
  
  color-support@^1.1.2:
    version "1.1.3"
    resolved "https://registry.yarnpkg.com/color-support/-/color-support-1.1.3.tgz#93834379a1cc9a0c61f82f52f0d04322251bd5a2"
    integrity sha512-qiBjkpbMLO/HL68y+lh4q0/O1MZFj2RX6X/KmMa3+gJD3z+WwI1ZzDHysvqHGS3mP6mznPckpXmw1nI9cJjyRg==
  
  combined-stream@^1.0.8:
    version "1.0.8"
    resolved "https://registry.yarnpkg.com/combined-stream/-/combined-stream-1.0.8.tgz#c3d45a8b34fd730631a110a8a2520682b31d5a7f"
    integrity sha512-FQN4MRfuJeHf7cBbBMJFXhKSDq+2kAArBlmRBvcvFE5BB1HZKXtSFASDhdlz9zOYwxh8lDdnvmMOe/+5cdoEdg==
    dependencies:
      delayed-stream "~1.0.0"
  
  commander@2:
    version "2.20.3"
    resolved "https://registry.yarnpkg.com/commander/-/commander-2.20.3.tgz#fd485e84c03eb4881c20722ba48035e8531aeb33"
    integrity sha512-GpVkmM8vF2vQUkj2LvZmD35JxeJOLCwJ9cUkugyk2nuhbv3+mJvpLYYt+0+USMxE+oj+ey/lJEnhZw75x/OMcQ==
  
  commander@7:
    version "7.2.0"
    resolved "https://registry.yarnpkg.com/commander/-/commander-7.2.0.tgz#a36cb57d0b501ce108e4d20559a150a391d97ab7"
    integrity sha512-QrWXB+ZQSVPmIWIhtEO9H+gwHaMGYiF5ChvoJ+K9ZGHG/sVsa6yiesAD1GC/x46sET00Xlwo1u49RVVVzvcSkw==
  
  concat-map@0.0.1:
    version "0.0.1"
    resolved "https://registry.yarnpkg.com/concat-map/-/concat-map-0.0.1.tgz#d8a96bd77fd68df7793a73036a3ba0d5405d477b"
    integrity sha512-/Srv4dswyQNBfohGpz9o6Yb3Gz3SrUDqBH5rTuhGR7ahtlbYKnVxw2bCFMRljaA7EXHaXZ8wsHdodFvbkhKmqg==
  
  console-control-strings@^1.0.0, console-control-strings@^1.1.0:
    version "1.1.0"
    resolved "https://registry.yarnpkg.com/console-control-strings/-/console-control-strings-1.1.0.tgz#3d7cf4464db6446ea644bf4b39507f9851008e8e"
    integrity sha512-ty/fTekppD2fIwRvnZAVdeOiGd1c7YXEixbgJTNzqcxJWKQnjJ/V1bNEEE6hygpM3WjwHFUVK6HTjWSzV4a8sQ==
  
  core-js@3.29.1:
    version "3.29.1"
    resolved "https://registry.yarnpkg.com/core-js/-/core-js-3.29.1.tgz#40ff3b41588b091aaed19ca1aa5cb111803fa9a6"
    integrity sha512-+jwgnhg6cQxKYIIjGtAHq2nwUOolo9eoFZ4sHfUH09BLXBgxnH4gA0zEd+t+BO2cNB8idaBtZFcFTRjQJRJmAw==
  
  core-js@^1.0.0:
    version "1.2.7"
    resolved "https://registry.yarnpkg.com/core-js/-/core-js-1.2.7.tgz#652294c14651db28fa93bd2d5ff2983a4f08c636"
    integrity sha512-ZiPp9pZlgxpWRu0M+YWbm6+aQ84XEfH1JRXvfOc/fILWI0VKhLC2LX13X1NYq4fULzLMq7Hfh43CSo2/aIaUPA==
  
  create-require@^1.1.0:
    version "1.1.1"
    resolved "https://registry.yarnpkg.com/create-require/-/create-require-1.1.1.tgz#c1d7e8f1e5f6cfc9ff65f9cd352d37348756c333"
    integrity sha512-dcKFX3jn0MpIaXjisoRvexIJVEKzaq7z2rZKxf+MSr9TkdmHmsU4m2lcLojrj/FHl8mk5VxMmYA+ftRkP/3oKQ==
  
  css-in-js-utils@^2.0.0:
    version "2.0.1"
    resolved "https://registry.yarnpkg.com/css-in-js-utils/-/css-in-js-utils-2.0.1.tgz#3b472b398787291b47cfe3e44fecfdd9e914ba99"
    integrity sha512-PJF0SpJT+WdbVVt0AOYp9C8GnuruRlL/UFW7932nLWmFLQTaWEzTBQEx7/hn4BuV+WON75iAViSUJLiU3PKbpA==
    dependencies:
      hyphenate-style-name "^1.0.2"
      isobject "^3.0.1"
  
  "d3-array@1 - 2", d3-array@2, d3-array@^2.3.0, d3-array@^2.5.0, d3-array@^2.7.1:
    version "2.12.1"
    resolved "https://registry.yarnpkg.com/d3-array/-/d3-array-2.12.1.tgz#e20b41aafcdffdf5d50928004ececf815a465e81"
    integrity sha512-B0ErZK/66mHtEsR1TkPEEkwdy+WDesimkM5gpZr5Dsg54BiTA5RXtYW5qTLIAcekaS9xfZrzBLF/OAkB3Qn1YQ==
    dependencies:
      internmap "^1.0.0"
  
  "d3-array@1 - 3", "d3-array@2 - 3", "d3-array@2.10.0 - 3", "d3-array@2.5.0 - 3", d3-array@3.2.4, d3-array@^3.2.2:
    version "3.2.4"
    resolved "https://registry.yarnpkg.com/d3-array/-/d3-array-3.2.4.tgz#15fec33b237f97ac5d7c986dc77da273a8ed0bb5"
    integrity sha512-tdQAmyA18i4J7wprpYq8ClcxZy3SC31QMeByyCFyRt7BVHdREQZ5lpzoe5mFEYZUWe+oq8HBvk9JjpibyEV4Jg==
    dependencies:
      internmap "1 - 2"
  
  "d3-color@1 - 2", d3-color@^2.0.0:
    version "2.0.0"
    resolved "https://registry.yarnpkg.com/d3-color/-/d3-color-2.0.0.tgz#8d625cab42ed9b8f601a1760a389f7ea9189d62e"
    integrity sha512-SPXi0TSKPD4g9tw0NMZFnR95XVgUZiBH+uUTqQuDu1OsE2zomHU7ho0FISciaPvosimixwHFl3WHLGabv6dDgQ==
  
  "d3-color@1 - 3", d3-color@^3.1.0:
    version "3.1.0"
    resolved "https://registry.yarnpkg.com/d3-color/-/d3-color-3.1.0.tgz#395b2833dfac71507f12ac2f7af23bf819de24e2"
    integrity sha512-zg/chbXyeBtMQ1LbD/WSoW2DpC3I0mpmPdW+ynRTj/x2DAWYrIY7qeZIHidozwV24m4iavr15lNwIwLxRmOxhA==
  
  d3-delaunay@^5.3.0:
    version "5.3.0"
    resolved "https://registry.yarnpkg.com/d3-delaunay/-/d3-delaunay-5.3.0.tgz#b47f05c38f854a4e7b3cea80e0bb12e57398772d"
    integrity sha512-amALSrOllWVLaHTnDLHwMIiz0d1bBu9gZXd1FiLfXf8sHcX9jrcj81TVZOqD4UX7MgBZZ07c8GxzEgBpJqc74w==
    dependencies:
      delaunator "4"
  
  "d3-dispatch@1 - 2":
    version "2.0.0"
    resolved "https://registry.yarnpkg.com/d3-dispatch/-/d3-dispatch-2.0.0.tgz#8a18e16f76dd3fcaef42163c97b926aa9b55e7cf"
    integrity sha512-S/m2VsXI7gAti2pBoLClFFTMOO1HTtT0j99AuXLoGFKO6deHDdnv6ZGTxSTTUTgO1zVcv82fCOtDjYK4EECmWA==
  
  d3-dsv@^2.0.0:
    version "2.0.0"
    resolved "https://registry.yarnpkg.com/d3-dsv/-/d3-dsv-2.0.0.tgz#b37b194b6df42da513a120d913ad1be22b5fe7c5"
    integrity sha512-E+Pn8UJYx9mViuIUkoc93gJGGYut6mSDKy2+XaPwccwkRGlR+LO97L2VCCRjQivTwLHkSnAJG7yo00BWY6QM+w==
    dependencies:
      commander "2"
      iconv-lite "0.4"
      rw "1"
  
  d3-dsv@^3.0.1:
    version "3.0.1"
    resolved "https://registry.yarnpkg.com/d3-dsv/-/d3-dsv-3.0.1.tgz#c63af978f4d6a0d084a52a673922be2160789b73"
    integrity sha512-UG6OvdI5afDIFP9w4G0mNq50dSOsXHJaRE8arAS5o9ApWnIElp8GZw1Dun8vP8OyHOZ/QJUKUJwxiiCCnUwm+Q==
    dependencies:
      commander "7"
      iconv-lite "0.6"
      rw "1"
  
  d3-force@^2.1.1:
    version "2.1.1"
    resolved "https://registry.yarnpkg.com/d3-force/-/d3-force-2.1.1.tgz#f20ccbf1e6c9e80add1926f09b51f686a8bc0937"
    integrity sha512-nAuHEzBqMvpFVMf9OX75d00OxvOXdxY+xECIXjW6Gv8BRrXu6gAWbv/9XKrvfJ5i5DCokDW7RYE50LRoK092ew==
    dependencies:
      d3-dispatch "1 - 2"
      d3-quadtree "1 - 2"
      d3-timer "1 - 2"
  
  "d3-format@1 - 2", d3-format@^2.0.0:
    version "2.0.0"
    resolved "https://registry.yarnpkg.com/d3-format/-/d3-format-2.0.0.tgz#a10bcc0f986c372b729ba447382413aabf5b0767"
    integrity sha512-Ab3S6XuE/Q+flY96HXT0jOXcM4EAClYFnRGY5zsjRGNy6qCYrQsMffs7cV5Q9xejb35zxW5hf/guKw34kvIKsA==
  
  "d3-format@1 - 3", d3-format@^3.1.0:
    version "3.1.0"
    resolved "https://registry.yarnpkg.com/d3-format/-/d3-format-3.1.0.tgz#9260e23a28ea5cb109e93b21a06e24e2ebd55641"
    integrity sha512-YyUI6AEuY/Wpt8KWLgZHsIU86atmikuoOmCfommt0LYHiQSPjvX2AcFc38PX0CBpr2RCyZhjex+NS/LPOv6YqA==
  
  d3-format@~1.3.0:
    version "1.3.2"
    resolved "https://registry.yarnpkg.com/d3-format/-/d3-format-1.3.2.tgz#6a96b5e31bcb98122a30863f7d92365c00603562"
    integrity sha512-Z18Dprj96ExragQ0DeGi+SYPQ7pPfRMtUXtsg/ChVIKNBCzjO8XYJvRTC1usblx52lqge56V5ect+frYTQc8WQ==
  
  d3-geo-projection@^3.0.0:
    version "3.0.0"
    resolved "https://registry.yarnpkg.com/d3-geo-projection/-/d3-geo-projection-3.0.0.tgz#45ad8ce756cdbfa8340b11b2988644d8e1fa42e4"
    integrity sha512-1JE+filVbkEX2bT25dJdQ05iA4QHvUwev6o0nIQHOSrNlHCAKfVss/U10vEM3pA4j5v7uQoFdQ4KLbx9BlEbWA==
    dependencies:
      commander "2"
      d3-array "1 - 2"
      d3-geo "1.12.0 - 2"
      resolve "^1.1.10"
  
  d3-geo-projection@^4.0.0:
    version "4.0.0"
    resolved "https://registry.yarnpkg.com/d3-geo-projection/-/d3-geo-projection-4.0.0.tgz#dc229e5ead78d31869a4e87cf1f45bd2716c48ca"
    integrity sha512-p0bK60CEzph1iqmnxut7d/1kyTmm3UWtPlwdkM31AU+LW+BXazd5zJdoCn7VFxNCHXRngPHRnsNn5uGjLRGndg==
    dependencies:
      commander "7"
      d3-array "1 - 3"
      d3-geo "1.12.0 - 3"
  
  "d3-geo@1.12.0 - 2", d3-geo@^2.0.1:
    version "2.0.2"
    resolved "https://registry.yarnpkg.com/d3-geo/-/d3-geo-2.0.2.tgz#c065c1b71fe8c5f1be657e5f43d9bdd010383c40"
    integrity sha512-8pM1WGMLGFuhq9S+FpPURxic+gKzjluCD/CHTuUF3mXMeiCo0i6R0tO1s4+GArRFde96SLcW/kOFRjoAosPsFA==
    dependencies:
      d3-array "^2.5.0"
  
  "d3-geo@1.12.0 - 3", d3-geo@^3.1.0:
    version "3.1.1"
    resolved "https://registry.yarnpkg.com/d3-geo/-/d3-geo-3.1.1.tgz#6027cf51246f9b2ebd64f99e01dc7c3364033a4d"
    integrity sha512-637ln3gXKXOwhalDzinUgY83KzNWZRKbYubaG+fGVuc/dxO64RRljtCTnf5ecMyE1RIdtqpkVcq0IbtU2S8j2Q==
    dependencies:
      d3-array "2.5.0 - 3"
  
  d3-hierarchy@^2.0.0:
    version "2.0.0"
    resolved "https://registry.yarnpkg.com/d3-hierarchy/-/d3-hierarchy-2.0.0.tgz#dab88a58ca3e7a1bc6cab390e89667fcc6d20218"
    integrity sha512-SwIdqM3HxQX2214EG9GTjgmCc/mbSx4mQBn+DuEETubhOw6/U3fmnji4uCVrmzOydMHSO1nZle5gh6HB/wdOzw==
  
  "d3-interpolate@1.2.0 - 2", d3-interpolate@^2.0.1:
    version "2.0.1"
    resolved "https://registry.yarnpkg.com/d3-interpolate/-/d3-interpolate-2.0.1.tgz#98be499cfb8a3b94d4ff616900501a64abc91163"
    integrity sha512-c5UhwwTs/yybcmTpAVqwSFl6vrQ8JZJoT5F7xNFK9pymv5C0Ymcc9/LIJHtYIggg/yS9YHw8i8O8tgb9pupjeQ==
    dependencies:
      d3-color "1 - 2"
  
  "d3-interpolate@1.2.0 - 3", d3-interpolate@^3.0.1:
    version "3.0.1"
    resolved "https://registry.yarnpkg.com/d3-interpolate/-/d3-interpolate-3.0.1.tgz#3c47aa5b32c5b3dfb56ef3fd4342078a632b400d"
    integrity sha512-3bYs1rOD33uo8aqJfKP3JWPAibgw8Zm2+L9vBKEHJ2Rg+viTR7o5Mmv5mZcieN+FRYaAOWX5SJATX6k1PWz72g==
    dependencies:
      d3-color "1 - 3"
  
  "d3-path@1 - 2", d3-path@^2.0.0:
    version "2.0.0"
    resolved "https://registry.yarnpkg.com/d3-path/-/d3-path-2.0.0.tgz#55d86ac131a0548adae241eebfb56b4582dd09d8"
    integrity sha512-ZwZQxKhBnv9yHaiWd6ZU4x5BtCQ7pXszEV9CU6kRgwIQVQGLMv1oiL4M+MK/n79sYzsj+gcgpPQSctJUsLN7fA==
  
  d3-path@^3.1.0:
    version "3.1.0"
    resolved "https://registry.yarnpkg.com/d3-path/-/d3-path-3.1.0.tgz#22df939032fb5a71ae8b1800d61ddb7851c42526"
    integrity sha512-p3KP5HCf/bvjBSSKuXid6Zqijx7wIfNW+J/maPs+iwR35at5JCbLUT0LzF1cnjbCHWhqzQTIN2Jpe8pRebIEFQ==
  
  "d3-quadtree@1 - 2":
    version "2.0.0"
    resolved "https://registry.yarnpkg.com/d3-quadtree/-/d3-quadtree-2.0.0.tgz#edbad045cef88701f6fee3aee8e93fb332d30f9d"
    integrity sha512-b0Ed2t1UUalJpc3qXzKi+cPGxeXRr4KU9YSlocN74aTzp6R/Ud43t79yLLqxHRWZfsvWXmbDWPpoENK1K539xw==
  
  d3-scale@^3.2.2:
    version "3.3.0"
    resolved "https://registry.yarnpkg.com/d3-scale/-/d3-scale-3.3.0.tgz#28c600b29f47e5b9cd2df9749c206727966203f3"
    integrity sha512-1JGp44NQCt5d1g+Yy+GeOnZP7xHo0ii8zsQp6PGzd+C1/dl0KGsp9A7Mxwp+1D1o4unbTTxVdU/ZOIEBoeZPbQ==
    dependencies:
      d3-array "^2.3.0"
      d3-format "1 - 2"
      d3-interpolate "1.2.0 - 2"
      d3-time "^2.1.1"
      d3-time-format "2 - 3"
  
  d3-scale@^4.0.2:
    version "4.0.2"
    resolved "https://registry.yarnpkg.com/d3-scale/-/d3-scale-4.0.2.tgz#82b38e8e8ff7080764f8dcec77bd4be393689396"
    integrity sha512-GZW464g1SH7ag3Y7hXjf8RoUuAFIqklOAq3MRl4OaWabTFJY9PN/E1YklhXLh+OQ3fM9yS2nOkCoS+WLZ6kvxQ==
    dependencies:
      d3-array "2.10.0 - 3"
      d3-format "1 - 3"
      d3-interpolate "1.2.0 - 3"
      d3-time "2.1.1 - 3"
      d3-time-format "2 - 4"
  
  d3-selection@~1.3.0:
    version "1.3.2"
    resolved "https://registry.yarnpkg.com/d3-selection/-/d3-selection-1.3.2.tgz#6e70a9df60801c8af28ac24d10072d82cbfdf652"
    integrity sha512-OoXdv1nZ7h2aKMVg3kaUFbLLK5jXUFAMLD/Tu5JA96mjf8f2a9ZUESGY+C36t8R1WFeWk/e55hy54Ml2I62CRQ==
  
  d3-shape@^2.0.0:
    version "2.1.0"
    resolved "https://registry.yarnpkg.com/d3-shape/-/d3-shape-2.1.0.tgz#3b6a82ccafbc45de55b57fcf956c584ded3b666f"
    integrity sha512-PnjUqfM2PpskbSLTJvAzp2Wv4CZsnAgTfcVRTwW03QR3MkXF8Uo7B1y/lWkAsmbKwuecto++4NlsYcvYpXpTHA==
    dependencies:
      d3-path "1 - 2"
  
  d3-shape@^3.2.0:
    version "3.2.0"
    resolved "https://registry.yarnpkg.com/d3-shape/-/d3-shape-3.2.0.tgz#a1a839cbd9ba45f28674c69d7f855bcf91dfc6a5"
    integrity sha512-SaLBuwGm3MOViRq2ABk3eLoxwZELpH6zhl3FbAoJ7Vm1gofKx6El1Ib5z23NUEhF9AsGl7y+dzLe5Cw2AArGTA==
    dependencies:
      d3-path "^3.1.0"
  
  "d3-time-format@2 - 3", d3-time-format@^3.0.0:
    version "3.0.0"
    resolved "https://registry.yarnpkg.com/d3-time-format/-/d3-time-format-3.0.0.tgz#df8056c83659e01f20ac5da5fdeae7c08d5f1bb6"
    integrity sha512-UXJh6EKsHBTjopVqZBhFysQcoXSv/5yLONZvkQ5Kk3qbwiUYkdX17Xa1PT6U1ZWXGGfB1ey5L8dKMlFq2DO0Ag==
    dependencies:
      d3-time "1 - 2"
  
  "d3-time-format@2 - 4", d3-time-format@^4.1.0:
    version "4.1.0"
    resolved "https://registry.yarnpkg.com/d3-time-format/-/d3-time-format-4.1.0.tgz#7ab5257a5041d11ecb4fe70a5c7d16a195bb408a"
    integrity sha512-dJxPBlzC7NugB2PDLwo9Q8JiTR3M3e4/XANkreKSUxF8vvXKqm1Yfq4Q5dl8budlunRVlUUaDUgFt7eA8D6NLg==
    dependencies:
      d3-time "1 - 3"
  
  "d3-time@1 - 2", d3-time@^2.0.0, d3-time@^2.1.1:
    version "2.1.1"
    resolved "https://registry.yarnpkg.com/d3-time/-/d3-time-2.1.1.tgz#e9d8a8a88691f4548e68ca085e5ff956724a6682"
    integrity sha512-/eIQe/eR4kCQwq7yxi7z4c6qEXf2IYGcjoWB5OOQy4Tq9Uv39/947qlDcN2TLkiTzQWzvnsuYPB9TrWaNfipKQ==
    dependencies:
      d3-array "2"
  
  "d3-time@1 - 3", "d3-time@2.1.1 - 3", d3-time@^3.1.0:
    version "3.1.0"
    resolved "https://registry.yarnpkg.com/d3-time/-/d3-time-3.1.0.tgz#9310db56e992e3c0175e1ef385e545e48a9bb5c7"
    integrity sha512-VqKjzBLejbSMT4IgbmVgDjpkYrNWUYJnbCGo874u7MMKIWsILRX+OpX/gTk8MqjpT1A/c6HY2dCA77ZN0lkQ2Q==
    dependencies:
      d3-array "2 - 3"
  
  "d3-timer@1 - 2", d3-timer@^2.0.0:
    version "2.0.0"
    resolved "https://registry.yarnpkg.com/d3-timer/-/d3-timer-2.0.0.tgz#055edb1d170cfe31ab2da8968deee940b56623e6"
    integrity sha512-TO4VLh0/420Y/9dO3+f9abDEFYeCUr2WZRlxJvbp4HPTQcSylXNiL6yZa9FIUvV1yRiFufl1bszTCLDqv9PWNA==
  
  debug@4:
    version "4.3.4"
    resolved "https://registry.yarnpkg.com/debug/-/debug-4.3.4.tgz#1319f6579357f2338d3337d2cdd4914bb5dcc865"
    integrity sha512-PRWFHuSU3eDtQJPvnNY7Jcket1j0t5OuOsFzPPzsekD52Zl8qUfFIPEiswXqIvHWGVHOgX+7G/vCNNhehwxfkQ==
    dependencies:
      ms "2.1.2"
  
  debug@^3.1.0:
    version "3.2.7"
    resolved "https://registry.yarnpkg.com/debug/-/debug-3.2.7.tgz#72580b7e9145fb39b6676f9c5e5fb100b934179a"
    integrity sha512-CFjzYYAi4ThfiQvizrFQevTTXHtnCqWfe7x1AhgEscTz6ZbLbfoLRLPugTQyBth6f8ZERVUSyWHFD/7Wu4t1XQ==
    dependencies:
      ms "^2.1.1"
  
  decamelize@^1.2.0:
    version "1.2.0"
    resolved "https://registry.yarnpkg.com/decamelize/-/decamelize-1.2.0.tgz#f6534d15148269b20352e7bee26f501f9a191290"
    integrity sha512-z2S+W9X73hAUUki+N+9Za2lBlun89zigOyGrsax+KUQ6wKW4ZoWpEYBkGhQjwAjjDCkWxhY0VKEhk8wzY7F5cA==
  
  delaunator@4:
    version "4.0.1"
    resolved "https://registry.yarnpkg.com/delaunator/-/delaunator-4.0.1.tgz#3d779687f57919a7a418f8ab947d3bddb6846957"
    integrity sha512-WNPWi1IRKZfCt/qIDMfERkDp93+iZEmOxN2yy4Jg+Xhv8SLk2UTqqbe1sfiipn0and9QrE914/ihdx82Y/Giag==
  
  delayed-stream@~1.0.0:
    version "1.0.0"
    resolved "https://registry.yarnpkg.com/delayed-stream/-/delayed-stream-1.0.0.tgz#df3ae199acadfb7d440aaae0b29e2272b24ec619"
    integrity sha512-ZySD7Nf91aLB0RxL4KGrKHBXl7Eds1DAmEdcoVawXnLD7SDhpNgtuII2aAkg7a7QS41jxPSZ17p4VdGnMHk3MQ==
  
  delegates@^1.0.0:
    version "1.0.0"
    resolved "https://registry.yarnpkg.com/delegates/-/delegates-1.0.0.tgz#84c6e159b81904fdca59a0ef44cd870d31250f9a"
    integrity sha512-bd2L678uiWATM6m5Z1VzNCErI3jiGzt6HGY8OVICs40JQq/HALfbyNJmp0UDakEY4pMMaN0Ly5om/B1VI/+xfQ==
  
  detect-libc@^2.0.0:
    version "2.0.3"
    resolved "https://registry.yarnpkg.com/detect-libc/-/detect-libc-2.0.3.tgz#f0cd503b40f9939b894697d19ad50895e30cf700"
    integrity sha512-bwy0MGW55bG41VqxxypOsdSdGqLwXPI/focwgTYCFMbdUiBAxLg9CFzG08sz2aqzknwiX7Hkl0bQENjg8iLByw==
  
  diff@^4.0.1:
    version "4.0.2"
    resolved "https://registry.yarnpkg.com/diff/-/diff-4.0.2.tgz#60f3aecb89d5fae520c11aa19efc2bb982aade7d"
    integrity sha512-58lmxKSA4BNyLz+HHMUzlOEpg09FV+ev6ZMe3vJihgdxzgcwZ8VoEEPmALCZG9LmqfVoNMMKpttIYTVG6uDY7A==
  
  emoji-regex@^8.0.0:
    version "8.0.0"
    resolved "https://registry.yarnpkg.com/emoji-regex/-/emoji-regex-8.0.0.tgz#e818fd69ce5ccfcb404594f842963bf53164cc37"
    integrity sha512-MSjYzcWNOA0ewAHpz0MxpYFvwg6yjy1NG3xteoqz644VCo/RPgnr1/GGt+ic3iJTzQ8Eu3TdM14SawnVUmGE6A==
  
  encoding@^0.1.11:
    version "0.1.13"
    resolved "https://registry.yarnpkg.com/encoding/-/encoding-0.1.13.tgz#56574afdd791f54a8e9b2785c0582a2d26210fa9"
    integrity sha512-ETBauow1T35Y/WZMkio9jiM0Z5xjHHmJ4XmjZOq1l/dXz3lr2sRn87nJy20RupqSh1F2m3HHPSp8ShIPQJrJ3A==
    dependencies:
      iconv-lite "^0.6.2"
  
  es6-promise@^4.0.3:
    version "4.2.8"
    resolved "https://registry.yarnpkg.com/es6-promise/-/es6-promise-4.2.8.tgz#4eb21594c972bc40553d276e510539143db53e0a"
    integrity sha512-HJDGx5daxeIvxdBxvG2cb9g4tEvwIk3i8+nhX0yGrYmZUzbkdg8QbDevheDB8gd0//uPj4c1EQua8Q+MViT0/w==
  
  es6-promisify@^5.0.0:
    version "5.0.0"
    resolved "https://registry.yarnpkg.com/es6-promisify/-/es6-promisify-5.0.0.tgz#5109d62f3e56ea967c4b63505aef08291c8a5203"
    integrity sha512-C+d6UdsYDk0lMebHNR4S2NybQMMngAOnOwYBQjTOiv0MkoJMP0Myw2mgpDLBcpfCmRLxyFqYhS/CfOENq4SJhQ==
    dependencies:
      es6-promise "^4.0.3"
  
  escalade@^3.1.1:
    version "3.1.2"
    resolved "https://registry.yarnpkg.com/escalade/-/escalade-3.1.2.tgz#54076e9ab29ea5bf3d8f1ed62acffbb88272df27"
    integrity sha512-ErCHMCae19vR8vQGe50xIsVomy19rg6gFu3+r3jkEO46suLMWBksvVyoGgQV+jOfl84ZSOSlmv6Gxa89PmTGmA==
  
  fast-deep-equal@~3.1.1:
    version "3.1.3"
    resolved "https://registry.yarnpkg.com/fast-deep-equal/-/fast-deep-equal-3.1.3.tgz#3a7d56b559d6cbc3eb512325244e619a65c6c525"
    integrity sha512-f3qQ9oQy9j2AhBe/H9VC91wLmKBCCU/gDOnKNAYG5hswO7BLKj09Hc5HYNz9cGI++xlpDCIgDaitVs03ATR84Q==
  
  fast-json-patch@^3.0.0-1:
    version "3.1.1"
    resolved "https://registry.yarnpkg.com/fast-json-patch/-/fast-json-patch-3.1.1.tgz#85064ea1b1ebf97a3f7ad01e23f9337e72c66947"
    integrity sha512-vf6IHUX2SBcA+5/+4883dsIjpBTqmfBjmYiWK1savxQmFk4JfBMLa7ynTYOs1Rolp/T1betJxHiGD3g1Mn8lUQ==
  
  fast-json-stable-stringify@*, fast-json-stable-stringify@~2.1.0:
    version "2.1.0"
    resolved "https://registry.yarnpkg.com/fast-json-stable-stringify/-/fast-json-stable-stringify-2.1.0.tgz#874bf69c6f404c2b5d99c481341399fd55892633"
    integrity sha512-lhd/wF+Lk98HZoTCtlVraHtfh5XYijIjalXck7saUtuanSDyLMxnHhSXEDJqHxD7msR8D0uCmqlkwjCV8xvwHw==
  
  fbjs@^0.8.12:
    version "0.8.18"
    resolved "https://registry.yarnpkg.com/fbjs/-/fbjs-0.8.18.tgz#9835e0addb9aca2eff53295cd79ca1cfc7c9662a"
    integrity sha512-EQaWFK+fEPSoibjNy8IxUtaFOMXcWsY0JaVrQoZR9zC8N2Ygf9iDITPWjUTVIax95b6I742JFLqASHfsag/vKA==
    dependencies:
      core-js "^1.0.0"
      isomorphic-fetch "^2.1.1"
      loose-envify "^1.0.0"
      object-assign "^4.1.0"
      promise "^7.1.1"
      setimmediate "^1.0.5"
      ua-parser-js "^0.7.30"
  
  find-up@^4.1.0:
    version "4.1.0"
    resolved "https://registry.yarnpkg.com/find-up/-/find-up-4.1.0.tgz#97afe7d6cdc0bc5928584b7c8d7b16e8a9aa5d19"
    integrity sha512-PpOwAdQ/YlXQ2vj8a3h8IipDuYRi3wceVQQGYWxNINccq40Anw7BlsEXCMbt1Zt+OLA6Fq9suIpIWD0OsnISlw==
    dependencies:
      locate-path "^5.0.0"
      path-exists "^4.0.0"
  
  form-data@^4.0.0:
    version "4.0.0"
    resolved "https://registry.yarnpkg.com/form-data/-/form-data-4.0.0.tgz#93919daeaf361ee529584b9b31664dc12c9fa452"
    integrity sha512-ETEklSGi5t0QMZuiXoA/Q6vcnxcLQP5vdugSpuAyi6SVGi2clPPp+xgEhuMaHC+zGgn31Kd235W35f7Hykkaww==
    dependencies:
      asynckit "^0.4.0"
      combined-stream "^1.0.8"
      mime-types "^2.1.12"
  
  fs-minipass@^1.2.7:
    version "1.2.7"
    resolved "https://registry.yarnpkg.com/fs-minipass/-/fs-minipass-1.2.7.tgz#ccff8570841e7fe4265693da88936c55aed7f7c7"
    integrity sha512-GWSSJGFy4e9GUeCcbIkED+bgAoFyj7XF1mV8rma3QW4NIqX9Kyx79N/PF61H5udOV3aY1IaMLs6pGbH71nlCTA==
    dependencies:
      minipass "^2.6.0"
  
  fs-minipass@^2.0.0:
    version "2.1.0"
    resolved "https://registry.yarnpkg.com/fs-minipass/-/fs-minipass-2.1.0.tgz#7f5036fdbf12c63c169190cbe4199c852271f9fb"
    integrity sha512-V/JgOLFCS+R6Vcq0slCuaeWEdNC3ouDlJMNIsacH2VtALiu9mV4LPrHc5cDl8k5aw6J8jwgWWpiTo5RYhmIzvg==
    dependencies:
      minipass "^3.0.0"
  
  fs.realpath@^1.0.0:
    version "1.0.0"
    resolved "https://registry.yarnpkg.com/fs.realpath/-/fs.realpath-1.0.0.tgz#1504ad2523158caa40db4a2787cb01411994ea4f"
    integrity sha512-OO0pH2lK6a0hZnAdau5ItzHPI6pUlvI7jMVnxUQRtw4owF2wk8lOSabtGDCTP4Ggrg2MbGnWO9X8K1t4+fGMDw==
  
  function-bind@^1.1.2:
    version "1.1.2"
    resolved "https://registry.yarnpkg.com/function-bind/-/function-bind-1.1.2.tgz#2c02d864d97f3ea6c8830c464cbd11ab6eab7a1c"
    integrity sha512-7XHNxH7qX9xG5mIwxkhumTox/MIRNcOgDrxWsMt2pAr23WHp6MrRlN7FBSFpCpr+oVO0F744iUgR82nJMfG2SA==
  
  gauge@^3.0.0:
    version "3.0.2"
    resolved "https://registry.yarnpkg.com/gauge/-/gauge-3.0.2.tgz#03bf4441c044383908bcfa0656ad91803259b395"
    integrity sha512-+5J6MS/5XksCuXq++uFRsnUd7Ovu1XenbeuIuNRJxYWjgQbPuFhT14lAvsWfqfAmnwluf1OwMjz39HjfLPci0Q==
    dependencies:
      aproba "^1.0.3 || ^2.0.0"
      color-support "^1.1.2"
      console-control-strings "^1.0.0"
      has-unicode "^2.0.1"
      object-assign "^4.1.1"
      signal-exit "^3.0.0"
      string-width "^4.2.3"
      strip-ansi "^6.0.1"
      wide-align "^1.1.2"
  
  get-caller-file@^2.0.1, get-caller-file@^2.0.5:
    version "2.0.5"
    resolved "https://registry.yarnpkg.com/get-caller-file/-/get-caller-file-2.0.5.tgz#4f94412a82db32f36e3b0b9741f8a97feb031f7e"
    integrity sha512-DyFP3BM/3YHTQOCUL/w0OZHR0lpKeGrxotcHWcqNEdnltqFwXVfhEBQ94eIo34AfQpo0rGki4cyIiftY06h2Fg==
  
  glamor@~2.20.40:
    version "2.20.40"
    resolved "https://registry.yarnpkg.com/glamor/-/glamor-2.20.40.tgz#f606660357b7cf18dface731ad1a2cfa93817f05"
    integrity sha512-DNXCd+c14N9QF8aAKrfl4xakPk5FdcFwmH7sD0qnC0Pr7xoZ5W9yovhUrY/dJc3psfGGXC58vqQyRtuskyUJxA==
    dependencies:
      fbjs "^0.8.12"
      inline-style-prefixer "^3.0.6"
      object-assign "^4.1.1"
      prop-types "^15.5.10"
      through "^2.3.8"
  
  glob@^7.1.3:
    version "7.2.3"
    resolved "https://registry.yarnpkg.com/glob/-/glob-7.2.3.tgz#b8df0fb802bbfa8e89bd1d938b4e16578ed44f2b"
    integrity sha512-nFR0zLpU2YCaRxwoCJvL6UvCH2JFyFVIvwTLsIf21AuHlMskA1hhTdk+LlYJtOlYt9v6dvszD2BGRqBL+iQK9Q==
    dependencies:
      fs.realpath "^1.0.0"
      inflight "^1.0.4"
      inherits "2"
      minimatch "^3.1.1"
      once "^1.3.0"
      path-is-absolute "^1.0.0"
  
  google-protobuf@^3.9.2:
    version "3.21.2"
    resolved "https://registry.yarnpkg.com/google-protobuf/-/google-protobuf-3.21.2.tgz#4580a2bea8bbb291ee579d1fefb14d6fa3070ea4"
    integrity sha512-3MSOYFO5U9mPGikIYCzK0SaThypfGgS6bHqrUGXG3DPHCrb+txNqeEcns1W0lkGfk0rCyNXm7xB9rMxnCiZOoA==
  
  has-flag@^4.0.0:
    version "4.0.0"
    resolved "https://registry.yarnpkg.com/has-flag/-/has-flag-4.0.0.tgz#944771fd9c81c81265c4d6941860da06bb59479b"
    integrity sha512-EykJT/Q1KjTWctppgIAgfSO0tKVuZUjhgMr17kqTumMl6Afv3EISleU7qZUzoXDFTAHTDC4NOoG/ZxU3EvlMPQ==
  
  has-unicode@^2.0.1:
    version "2.0.1"
    resolved "https://registry.yarnpkg.com/has-unicode/-/has-unicode-2.0.1.tgz#e0e6fe6a28cf51138855e086d1691e771de2a8b9"
    integrity sha512-8Rf9Y83NBReMnx0gFzA8JImQACstCYWUplepDa9xprwwtmgEZUF0h/i5xSA625zB/I37EtrswSST6OXxwaaIJQ==
  
  hasown@^2.0.0:
    version "2.0.2"
    resolved "https://registry.yarnpkg.com/hasown/-/hasown-2.0.2.tgz#003eaf91be7adc372e84ec59dc37252cedb80003"
    integrity sha512-0hJU9SCPvmMzIBdZFqNPXWa6dqh7WdH0cII9y+CyS8rG3nL48Bclra9HmKhVVUHyPWNH5Y7xDwAB7bfgSjkUMQ==
    dependencies:
      function-bind "^1.1.2"
  
  https-proxy-agent@^2.2.1:
    version "2.2.4"
    resolved "https://registry.yarnpkg.com/https-proxy-agent/-/https-proxy-agent-2.2.4.tgz#4ee7a737abd92678a293d9b34a1af4d0d08c787b"
    integrity sha512-OmvfoQ53WLjtA9HeYP9RNrWMJzzAz1JGaSFr1nijg0PVR1JaD/xbJq1mdEIIlxGpXp9eSe/O2LgU9DJmTPd0Eg==
    dependencies:
      agent-base "^4.3.0"
      debug "^3.1.0"
  
  https-proxy-agent@^5.0.0:
    version "5.0.1"
    resolved "https://registry.yarnpkg.com/https-proxy-agent/-/https-proxy-agent-5.0.1.tgz#c59ef224a04fe8b754f3db0063a25ea30d0005d6"
    integrity sha512-dFcAjpTQFgoLMzC2VwU+C/CbS7uRL0lWmxDITmqm7C+7F0Odmj6s9l6alZc6AELXhrnggM2CeWSXHGOdX2YtwA==
    dependencies:
      agent-base "6"
      debug "4"
  
  hyphenate-style-name@^1.0.2:
    version "1.0.4"
    resolved "https://registry.yarnpkg.com/hyphenate-style-name/-/hyphenate-style-name-1.0.4.tgz#691879af8e220aea5750e8827db4ef62a54e361d"
    integrity sha512-ygGZLjmXfPHj+ZWh6LwbC37l43MhfztxetbFCoYTM2VjkIUpeHgSNn7QIyVFj7YQ1Wl9Cbw5sholVJPzWvC2MQ==
  
  iconv-lite@0.4:
    version "0.4.24"
    resolved "https://registry.yarnpkg.com/iconv-lite/-/iconv-lite-0.4.24.tgz#2022b4b25fbddc21d2f524974a474aafe733908b"
    integrity sha512-v3MXnZAcvnywkTUEZomIActle7RXXeedOR31wwl7VlyoXO4Qi9arvSenNQWne1TcRwhCL1HwLI21bEqdpj8/rA==
    dependencies:
      safer-buffer ">= 2.1.2 < 3"
  
  iconv-lite@0.6, iconv-lite@^0.6.2:
    version "0.6.3"
    resolved "https://registry.yarnpkg.com/iconv-lite/-/iconv-lite-0.6.3.tgz#a52f80bf38da1952eb5c681790719871a1a72501"
    integrity sha512-4fCk79wshMdzMp2rH06qWrJE4iolqLhCUH+OiuIgU++RB0+94NlDL81atO7GX55uUKueo0txHNtvEyI6D7WdMw==
    dependencies:
      safer-buffer ">= 2.1.2 < 3.0.0"
  
  inflight@^1.0.4:
    version "1.0.6"
    resolved "https://registry.yarnpkg.com/inflight/-/inflight-1.0.6.tgz#49bd6331d7d02d0c09bc910a1075ba8165b56df9"
    integrity sha512-k92I/b08q4wvFscXCLvqfsHCrjrF7yiXsQuIVvVE7N82W3+aqpzuUdBbfhWcy/FZR3/4IgflMgKLOsvPDrGCJA==
    dependencies:
      once "^1.3.0"
      wrappy "1"
  
  inherits@2, inherits@^2.0.3:
    version "2.0.4"
    resolved "https://registry.yarnpkg.com/inherits/-/inherits-2.0.4.tgz#0fa2c64f932917c3433a0ded55363aae37416b7c"
    integrity sha512-k/vGaX4/Yla3WzyMCvTQOXYeIHvqOKtnqBduzTHpzpQZzAskKMhZ2K+EnBiSM9zGSoIFeMpXKxa4dYeZIQqewQ==
  
  inline-style-prefixer@^3.0.6:
    version "3.0.8"
    resolved "https://registry.yarnpkg.com/inline-style-prefixer/-/inline-style-prefixer-3.0.8.tgz#8551b8e5b4d573244e66a34b04f7d32076a2b534"
    integrity sha512-ne8XIyyqkRaNJ1JfL1NYzNdCNxq+MCBQhC8NgOQlzNm2vv3XxlP0VSLQUbSRCF6KPEoveCVEpayHoHzcMyZsMQ==
    dependencies:
      bowser "^1.7.3"
      css-in-js-utils "^2.0.0"
  
  "internmap@1 - 2":
    version "2.0.3"
    resolved "https://registry.yarnpkg.com/internmap/-/internmap-2.0.3.tgz#6685f23755e43c524e251d29cbc97248e3061009"
    integrity sha512-5Hh7Y1wQbvY5ooGgPbDaL5iYLAPzMTUrjMulskHLH6wnv/A+1q5rgEaiuqEjB+oxGXIVZs1FF+R/KPN3ZSQYYg==
  
  internmap@^1.0.0:
    version "1.0.1"
    resolved "https://registry.yarnpkg.com/internmap/-/internmap-1.0.1.tgz#0017cc8a3b99605f0302f2b198d272e015e5df95"
    integrity sha512-lDB5YccMydFBtasVtxnZ3MRBHuaoE8GKsppq+EchKL2U4nK/DmEpPHNH8MZe5HkMtpSiTSOZwfN0tzYjO/lJEw==
  
  is-core-module@^2.13.0:
    version "2.13.1"
    resolved "https://registry.yarnpkg.com/is-core-module/-/is-core-module-2.13.1.tgz#ad0d7532c6fea9da1ebdc82742d74525c6273384"
    integrity sha512-hHrIjvZsftOsvKSn2TRYl63zvxsgE0K+0mYMoH6gD4omR5IWB2KynivBQczo3+wF1cCkjzvptnI9Q0sPU66ilw==
    dependencies:
      hasown "^2.0.0"
  
  is-fullwidth-code-point@^3.0.0:
    version "3.0.0"
    resolved "https://registry.yarnpkg.com/is-fullwidth-code-point/-/is-fullwidth-code-point-3.0.0.tgz#f116f8064fe90b3f7844a38997c0b75051269f1d"
    integrity sha512-zymm5+u+sCsSWyD9qNaejV3DFvhCKclKdizYaJUuHA83RLjb7nSuGnddCHGv0hk+KY7BMAlsWeK4Ueg6EV6XQg==
  
  is-stream@^1.0.1:
    version "1.1.0"
    resolved "https://registry.yarnpkg.com/is-stream/-/is-stream-1.1.0.tgz#12d4a3dd4e68e0b79ceb8dbc84173ae80d91ca44"
    integrity sha512-uQPm8kcs47jx38atAcWTVxyltQYoPT68y9aWYdV6yWXSyW8mzSat0TL6CiWdZeCdF3KrAvpVtnHbTv4RN+rqdQ==
  
  isobject@^3.0.1:
    version "3.0.1"
    resolved "https://registry.yarnpkg.com/isobject/-/isobject-3.0.1.tgz#4e431e92b11a9731636aa1f9c8d1ccbcfdab78df"
    integrity sha512-WhB9zCku7EGTj/HQQRz5aUQEUeoQZH2bWcltRErOpymJ4boYE6wL9Tbr23krRPSZ+C5zqNSrSw+Cc7sZZ4b7vg==
  
  isomorphic-fetch@^2.1.1:
    version "2.2.1"
    resolved "https://registry.yarnpkg.com/isomorphic-fetch/-/isomorphic-fetch-2.2.1.tgz#611ae1acf14f5e81f729507472819fe9733558a9"
    integrity sha512-9c4TNAKYXM5PRyVcwUZrF3W09nQ+sO7+jydgs4ZGW9dhsLG2VOlISJABombdQqQRXCwuYG3sYV/puGf5rp0qmA==
    dependencies:
      node-fetch "^1.0.1"
      whatwg-fetch ">=0.10.0"
  
  "js-tokens@^3.0.0 || ^4.0.0":
    version "4.0.0"
    resolved "https://registry.yarnpkg.com/js-tokens/-/js-tokens-4.0.0.tgz#19203fb59991df98e3a287050d4647cdeaf32499"
    integrity sha512-RdJUflcE3cUzKiMqQgsCu06FPu9UdIJO0beYbPhHN4k6apgJtifcoCtT9bcxOpYBtpD2kCM6Sbzg4CausW/PKQ==
  
  json-stringify-pretty-compact@^3.0.0:
    version "3.0.0"
    resolved "https://registry.yarnpkg.com/json-stringify-pretty-compact/-/json-stringify-pretty-compact-3.0.0.tgz#f71ef9d82ef16483a407869556588e91b681d9ab"
    integrity sha512-Rc2suX5meI0S3bfdZuA7JMFBGkJ875ApfVyq2WHELjBiiG22My/l7/8zPpH/CfFVQHuVLd8NLR0nv6vi0BYYKA==
  
  json-stringify-pretty-compact@~2.0.0:
    version "2.0.0"
    resolved "https://registry.yarnpkg.com/json-stringify-pretty-compact/-/json-stringify-pretty-compact-2.0.0.tgz#e77c419f52ff00c45a31f07f4c820c2433143885"
    integrity sha512-WRitRfs6BGq4q8gTgOy4ek7iPFXjbra0H3PmDLKm2xnZ+Gh1HUhiKGgCZkSPNULlP7mvfu6FV/mOLhCarspADQ==
  
  locate-path@^5.0.0:
    version "5.0.0"
    resolved "https://registry.yarnpkg.com/locate-path/-/locate-path-5.0.0.tgz#1afba396afd676a6d42504d0a67a3a7eb9f62aa0"
    integrity sha512-t7hw9pI+WvuwNJXwk5zVHpyhIqzg2qTlklJOf0mVxGSbe3Fp2VieZcduNYjaLDoy6p9uGpQEGWG87WpMKlNq8g==
    dependencies:
      p-locate "^4.1.0"
  
  long@4.0.0:
    version "4.0.0"
    resolved "https://registry.yarnpkg.com/long/-/long-4.0.0.tgz#9a7b71cfb7d361a194ea555241c92f7468d5bf28"
    integrity sha512-XsP+KhQif4bjX1kbuSiySJFNAehNxgLb6hPRGJ9QsUr8ajHkuXGdrHmFUTUUXhDwVX2R5bY4JNZEwbUiMhV+MA==
  
  loose-envify@^1.0.0, loose-envify@^1.4.0:
    version "1.4.0"
    resolved "https://registry.yarnpkg.com/loose-envify/-/loose-envify-1.4.0.tgz#71ee51fa7be4caec1a63839f7e682d8132d30caf"
    integrity sha512-lyuxPGr/Wfhrlem2CL/UcnUc1zcqKAImBDzukY7Y5F/yQiNdko6+fRLevlw1HgMySw7f611UIY408EtxRSoK3Q==
    dependencies:
      js-tokens "^3.0.0 || ^4.0.0"
  
  lru-cache@^6.0.0:
    version "6.0.0"
    resolved "https://registry.yarnpkg.com/lru-cache/-/lru-cache-6.0.0.tgz#6d6fe6570ebd96aaf90fcad1dafa3b2566db3a94"
    integrity sha512-Jo6dJ04CmSjuznwJSS3pUeWmd/H0ffTlkXXgwZi+eq1UCmqQwCh+eLsYOYCwY991i2Fah4h1BEMCx4qThGbsiA==
    dependencies:
      yallist "^4.0.0"
  
  make-dir@^3.1.0:
    version "3.1.0"
    resolved "https://registry.yarnpkg.com/make-dir/-/make-dir-3.1.0.tgz#415e967046b3a7f1d185277d84aa58203726a13f"
    integrity sha512-g3FeP20LNwhALb/6Cz6Dd4F2ngze0jz7tbzrD2wAV+o9FeNHe4rL+yK2md0J/fiSf1sa1ADhXqi5+oVwOM/eGw==
    dependencies:
      semver "^6.0.0"
  
  make-error@^1.1.1:
    version "1.3.6"
    resolved "https://registry.yarnpkg.com/make-error/-/make-error-1.3.6.tgz#2eb2e37ea9b67c4891f684a1394799af484cf7a2"
    integrity sha512-s8UhlNe7vPKomQhC1qFelMokr/Sc3AgNbso3n74mVPA5LTZwkB9NlXf4XPamLxJE8h0gh73rM94xvwRT2CVInw==
  
  mime-db@1.52.0:
    version "1.52.0"
    resolved "https://registry.yarnpkg.com/mime-db/-/mime-db-1.52.0.tgz#bbabcdc02859f4987301c856e3387ce5ec43bf70"
    integrity sha512-sPU4uV7dYlvtWJxwwxHD0PuihVNiE7TyAbQ5SWxDCB9mUYvOgroQOwYQQOKPJ8CIbE+1ETVlOoK1UC2nU3gYvg==
  
  mime-types@^2.1.12:
    version "2.1.35"
    resolved "https://registry.yarnpkg.com/mime-types/-/mime-types-2.1.35.tgz#381a871b62a734450660ae3deee44813f70d959a"
    integrity sha512-ZDY+bPm5zTTF+YpCrAU9nK0UgICYPT0QtT1NZWFv4s++TNkcgVaT0g6+4R2uI4MjQjzysHB1zxuWL50hzaeXiw==
    dependencies:
      mime-db "1.52.0"
  
  minimatch@^3.1.1:
    version "3.1.2"
    resolved "https://registry.yarnpkg.com/minimatch/-/minimatch-3.1.2.tgz#19cd194bfd3e428f049a70817c038d89ab4be35b"
    integrity sha512-J7p63hRiAjw1NDEww1W7i37+ByIrOWO5XQQAzZ3VOcL0PNybwpfmV/N05zFAzwQ9USyEcX6t3UO+K5aqBQOIHw==
    dependencies:
      brace-expansion "^1.1.7"
  
  minimist@^1.2.6:
    version "1.2.8"
    resolved "https://registry.yarnpkg.com/minimist/-/minimist-1.2.8.tgz#c1a464e7693302e082a075cee0c057741ac4772c"
    integrity sha512-2yyAR8qBkN3YuheJanUpWC5U3bb5osDywNB8RzDVlDwDHbocAJveqqj1u8+SVD7jkWT4yvsHCpWqqWqAxb0zCA==
  
  minipass@^2.6.0, minipass@^2.9.0:
    version "2.9.0"
    resolved "https://registry.yarnpkg.com/minipass/-/minipass-2.9.0.tgz#e713762e7d3e32fed803115cf93e04bca9fcc9a6"
    integrity sha512-wxfUjg9WebH+CUDX/CdbRlh5SmfZiy/hpkxaRI16Y9W56Pa75sWgd/rvFilSgrauD9NyFymP/+JFV3KwzIsJeg==
    dependencies:
      safe-buffer "^5.1.2"
      yallist "^3.0.0"
  
  minipass@^3.0.0:
    version "3.3.6"
    resolved "https://registry.yarnpkg.com/minipass/-/minipass-3.3.6.tgz#7bba384db3a1520d18c9c0e5251c3444e95dd94a"
    integrity sha512-DxiNidxSEK+tHG6zOIklvNOwm3hvCrbUrdtzY74U6HKTJxvIDfOUL5W5P2Ghd3DTkhhKPYGqeNUIh5qcM4YBfw==
    dependencies:
      yallist "^4.0.0"
  
  minipass@^5.0.0:
    version "5.0.0"
    resolved "https://registry.yarnpkg.com/minipass/-/minipass-5.0.0.tgz#3e9788ffb90b694a5d0ec94479a45b5d8738133d"
    integrity sha512-3FnjYuehv9k6ovOEbyOswadCDPX1piCfhV8ncmYtHOjuPwylVWsghTLo7rabjC3Rx5xD4HDx8Wm1xnMF7S5qFQ==
  
  minizlib@^1.3.3:
    version "1.3.3"
    resolved "https://registry.yarnpkg.com/minizlib/-/minizlib-1.3.3.tgz#2290de96818a34c29551c8a8d301216bd65a861d"
    integrity sha512-6ZYMOEnmVsdCeTJVE0W9ZD+pVnE8h9Hma/iOwwRDsdQoePpoX56/8B6z3P9VNwppJuBKNRuFDRNRqRWexT9G9Q==
    dependencies:
      minipass "^2.9.0"
  
  minizlib@^2.1.1:
    version "2.1.2"
    resolved "https://registry.yarnpkg.com/minizlib/-/minizlib-2.1.2.tgz#e90d3466ba209b932451508a11ce3d3632145931"
    integrity sha512-bAxsR8BVfj60DWXHE3u30oHzfl4G7khkSuPW+qvpd7jFRHm7dLxOjUk1EHACJ/hxLY8phGJ0YhYHZo7jil7Qdg==
    dependencies:
      minipass "^3.0.0"
      yallist "^4.0.0"
  
  mkdirp@^0.5.5:
    version "0.5.6"
    resolved "https://registry.yarnpkg.com/mkdirp/-/mkdirp-0.5.6.tgz#7def03d2432dcae4ba1d611445c48396062255f6"
    integrity sha512-FP+p8RB8OWpF3YZBCrP5gtADmtXApB5AMLn+vdyA+PyxCjrCs00mjyUozssO33cwDeT3wNGdLxJ5M//YqtHAJw==
    dependencies:
      minimist "^1.2.6"
  
  mkdirp@^1.0.3:
    version "1.0.4"
    resolved "https://registry.yarnpkg.com/mkdirp/-/mkdirp-1.0.4.tgz#3eb5ed62622756d79a5f0e2a221dfebad75c2f7e"
    integrity sha512-vVqVZQyf3WLx2Shd0qJ9xuvqgAyKPLAiqITEtqW0oIUjzo3PePDd6fW9iFz30ef7Ysp/oiWqbhszeGWW2T6Gzw==
  
  ms@2.1.2:
    version "2.1.2"
    resolved "https://registry.yarnpkg.com/ms/-/ms-2.1.2.tgz#d09d1f357b443f493382a8eb3ccd183872ae6009"
    integrity sha512-sGkPx+VjMtmA6MX27oA4FBFELFCZZ4S4XqeGOXCv68tT+jb3vk/RyaKWP0PTKyWtmLSM0b+adUTEvbs1PEaH2w==
  
  ms@^2.1.1:
    version "2.1.3"
    resolved "https://registry.yarnpkg.com/ms/-/ms-2.1.3.tgz#574c8138ce1d2b5861f0b44579dbadd60c6615b2"
    integrity sha512-6FlzubTLZG3J2a/NVCAleEhjzq5oxgHyaCU9yYXvcLsvoVaHJq/s5xXI6/XXP6tz7R9xAOtHnSO/tXtF3WRTlA==
  
  node-fetch@^1.0.1:
    version "1.7.3"
    resolved "https://registry.yarnpkg.com/node-fetch/-/node-fetch-1.7.3.tgz#980f6f72d85211a5347c6b2bc18c5b84c3eb47ef"
    integrity sha512-NhZ4CsKx7cYm2vSrBAr2PvFOe6sWDf0UYLRqA6svUYg7+/TSfVAu49jYC4BvQ4Sms9SZgdqGBgroqfDhJdTyKQ==
    dependencies:
      encoding "^0.1.11"
      is-stream "^1.0.1"
  
  node-fetch@^2.6.1, node-fetch@^2.6.7:
    version "2.7.0"
    resolved "https://registry.yarnpkg.com/node-fetch/-/node-fetch-2.7.0.tgz#d0f0fa6e3e2dc1d27efcd8ad99d550bda94d187d"
    integrity sha512-c4FRfUm/dbcWZ7U+1Wq0AwCyFL+3nt2bEw05wfxSz+DWpWsitgmSgYmy2dQdWyKC1694ELPqMs/YzUSNozLt8A==
    dependencies:
      whatwg-url "^5.0.0"
  
  node-fetch@~2.6.1:
    version "2.6.13"
    resolved "https://registry.yarnpkg.com/node-fetch/-/node-fetch-2.6.13.tgz#a20acbbec73c2e09f9007de5cda17104122e0010"
    integrity sha512-StxNAxh15zr77QvvkmveSQ8uCQ4+v5FkvNTj0OESmiHu+VRi/gXArXtkWMElOsOUNLtUEvI4yS+rdtOHZTwlQA==
    dependencies:
      whatwg-url "^5.0.0"
  
  nopt@^5.0.0:
    version "5.0.0"
    resolved "https://registry.yarnpkg.com/nopt/-/nopt-5.0.0.tgz#530942bb58a512fccafe53fe210f13a25355dc88"
    integrity sha512-Tbj67rffqceeLpcRXrT7vKAN8CwfPeIBgM7E6iBkmKLV7bEMwpGgYLGv0jACUsECaa/vuxP0IjEont6umdMgtQ==
    dependencies:
      abbrev "1"
  
  npmlog@^5.0.1:
    version "5.0.1"
    resolved "https://registry.yarnpkg.com/npmlog/-/npmlog-5.0.1.tgz#f06678e80e29419ad67ab964e0fa69959c1eb8b0"
    integrity sha512-AqZtDUWOMKs1G/8lwylVjrdYgqA4d9nu8hc+0gzRxlDb1I10+FHBGMXs6aiQHFdCUUlqH99MUMuLfzWDNDtfxw==
    dependencies:
      are-we-there-yet "^2.0.0"
      console-control-strings "^1.1.0"
      gauge "^3.0.0"
      set-blocking "^2.0.0"
  
  object-assign@^4.1.0, object-assign@^4.1.1:
    version "4.1.1"
    resolved "https://registry.yarnpkg.com/object-assign/-/object-assign-4.1.1.tgz#2109adc7965887cfc05cbbd442cac8bfbb360863"
    integrity sha512-rJgTQnkUnH1sFw8yT6VSU3zD3sWmu6sZhIseY8VX+GRu3P6F7Fu+JNDoXfklElbLJSnc3FUQHVe4cU5hj+BcUg==
  
  once@^1.3.0:
    version "1.4.0"
    resolved "https://registry.yarnpkg.com/once/-/once-1.4.0.tgz#583b1aa775961d4b113ac17d9c50baef9dd76bd1"
    integrity sha512-lNaJgI+2Q5URQBkccEKHTQOPaXdUxnZZElQTZY0MFUAuaEqe1E+Nyvgdz/aIyNi6Z9MzO5dv1H8n58/GELp3+w==
    dependencies:
      wrappy "1"
  
  p-limit@^2.2.0:
    version "2.3.0"
    resolved "https://registry.yarnpkg.com/p-limit/-/p-limit-2.3.0.tgz#3dd33c647a214fdfffd835933eb086da0dc21db1"
    integrity sha512-//88mFWSJx8lxCzwdAABTJL2MyWB12+eIY7MDL2SqLmAkeKU9qxRvWuSyTjm3FUmpBEMuFfckAIqEaVGUDxb6w==
    dependencies:
      p-try "^2.0.0"
  
  p-locate@^4.1.0:
    version "4.1.0"
    resolved "https://registry.yarnpkg.com/p-locate/-/p-locate-4.1.0.tgz#a3428bb7088b3a60292f66919278b7c297ad4f07"
    integrity sha512-R79ZZ/0wAxKGu3oYMlz8jy/kbhsNrS7SKZ7PxEHBgJ5+F2mtFW2fK2cOtBh1cHYkQsbzFV7I+EoRKe6Yt0oK7A==
    dependencies:
      p-limit "^2.2.0"
  
  p-try@^2.0.0:
    version "2.2.0"
    resolved "https://registry.yarnpkg.com/p-try/-/p-try-2.2.0.tgz#cb2868540e313d61de58fafbe35ce9004d5540e6"
    integrity sha512-R4nPAVTAU0B9D35/Gk3uJf/7XYbQcyohSKdvAxIRSNghFl4e71hVoGnBNQz9cWaXxO2I10KTC+3jMdvvoKw6dQ==
  
  path-exists@^4.0.0:
    version "4.0.0"
    resolved "https://registry.yarnpkg.com/path-exists/-/path-exists-4.0.0.tgz#513bdbe2d3b95d7762e8c1137efa195c6c61b5b3"
    integrity sha512-ak9Qy5Q7jYb2Wwcey5Fpvg2KoAc/ZIhLSLOSBmRmygPsGwkVVt0fZa0qrtMz+m6tJTAHfZQ8FnmB4MG4LWy7/w==
  
  path-is-absolute@^1.0.0:
    version "1.0.1"
    resolved "https://registry.yarnpkg.com/path-is-absolute/-/path-is-absolute-1.0.1.tgz#174b9268735534ffbc7ace6bf53a5a9e1b5c5f5f"
    integrity sha512-AVbw3UJ2e9bq64vSaS9Am0fje1Pa8pbGqTTsmXfaIiMpnr5DlDhfJOuLj9Sf95ZPVDAUerDfEk88MPmPe7UCQg==
  
  path-parse@^1.0.7:
    version "1.0.7"
    resolved "https://registry.yarnpkg.com/path-parse/-/path-parse-1.0.7.tgz#fbc114b60ca42b30d9daf5858e4bd68bbedb6735"
    integrity sha512-LDJzPVEEEPR+y48z93A0Ed0yXb8pAByGWo/k5YYdYgpY2/2EsOsksJrq7lOHxryrVOn1ejG6oAp8ahvOIQD8sw==
  
  preact@~8.2.9:
    version "8.2.9"
    resolved "https://registry.yarnpkg.com/preact/-/preact-8.2.9.tgz#813ba9dd45e5d97c5ea0d6c86d375b3be711cc40"
    integrity sha512-ThuGXBmJS3VsT+jIP+eQufD3L8pRw/PY3FoCys6O9Pu6aF12Pn9zAJDX99TfwRAFOCEKm/P0lwiPTbqKMJp0fA==
  
  progress@^2.0.0:
    version "2.0.3"
    resolved "https://registry.yarnpkg.com/progress/-/progress-2.0.3.tgz#7e8cf8d8f5b8f239c1bc68beb4eb78567d572ef8"
    integrity sha512-7PiHtLll5LdnKIMw100I+8xJXR5gW2QwWYkT6iJva0bXitZKa/XMrSbdmg3r2Xnaidz9Qumd0VPaMrZlF9V9sA==
  
  promise@^7.1.1:
    version "7.3.1"
    resolved "https://registry.yarnpkg.com/promise/-/promise-7.3.1.tgz#064b72602b18f90f29192b8b1bc418ffd1ebd3bf"
    integrity sha512-nolQXZ/4L+bP/UGlkfaIujX9BKxGwmQ9OT4mOt5yvy8iK1h3wqTEJCijzGANTCCl9nWjY41juyAn2K3Q1hLLTg==
    dependencies:
      asap "~2.0.3"
  
  prop-types@^15.5.10:
    version "15.8.1"
    resolved "https://registry.yarnpkg.com/prop-types/-/prop-types-15.8.1.tgz#67d87bf1a694f48435cf332c24af10214a3140b5"
    integrity sha512-oj87CgZICdulUohogVAR7AjlC0327U4el4L6eAvOqCeudMDVU0NThNaV+b9Df4dXgSP1gXMTnPdhfe/2qDH5cg==
    dependencies:
      loose-envify "^1.4.0"
      object-assign "^4.1.1"
      react-is "^16.13.1"
  
  react-is@^16.13.1:
    version "16.13.1"
    resolved "https://registry.yarnpkg.com/react-is/-/react-is-16.13.1.tgz#789729a4dc36de2999dc156dd6c1d9c18cea56a4"
    integrity sha512-24e6ynE2H+OKt4kqsOvNd8kBpV65zoxbA4BVsEOB3ARVWQki/DHzaUoC5KuON/BiccDaCCTZBuOcfZs70kR8bQ==
  
  readable-stream@^3.6.0:
    version "3.6.2"
    resolved "https://registry.yarnpkg.com/readable-stream/-/readable-stream-3.6.2.tgz#56a9b36ea965c00c5a93ef31eb111a0f11056967"
    integrity sha512-9u/sniCrY3D5WdsERHzHE4G2YCXqoG5FTHUiCC4SIbr6XcLZBY05ya9EKjYek9O5xOAwjGq+1JdGBAS7Q9ScoA==
    dependencies:
      inherits "^2.0.3"
      string_decoder "^1.1.1"
      util-deprecate "^1.0.1"
  
  regenerator-runtime@^0.13.5:
    version "0.13.11"
    resolved "https://registry.yarnpkg.com/regenerator-runtime/-/regenerator-runtime-0.13.11.tgz#f6dca3e7ceec20590d07ada785636a90cdca17f9"
    integrity sha512-kY1AZVr2Ra+t+piVaJ4gxaFaReZVH40AKNo7UCX6W+dEwBo/2oZJzqfuN1qLq1oL45o56cPaTXELwrTh8Fpggg==
  
  require-directory@^2.1.1:
    version "2.1.1"
    resolved "https://registry.yarnpkg.com/require-directory/-/require-directory-2.1.1.tgz#8c64ad5fd30dab1c976e2344ffe7f792a6a6df42"
    integrity sha512-fGxEI7+wsG9xrvdjsrlmL22OMTTiHRwAMroiEeMgq8gzoLC/PQr7RsRDSTLUg/bZAZtF+TVIkHc6/4RIKrui+Q==
  
  require-main-filename@^2.0.0:
    version "2.0.0"
    resolved "https://registry.yarnpkg.com/require-main-filename/-/require-main-filename-2.0.0.tgz#d0b329ecc7cc0f61649f62215be69af54aa8989b"
    integrity sha512-NKN5kMDylKuldxYLSUfrbo5Tuzh4hd+2E8NPPX02mZtn1VuREQToYe/ZdlJy+J3uCpfaiGF05e7B8W0iXbQHmg==
  
  resolve@^1.1.10:
    version "1.22.8"
    resolved "https://registry.yarnpkg.com/resolve/-/resolve-1.22.8.tgz#b6c87a9f2aa06dfab52e3d70ac8cde321fa5a48d"
    integrity sha512-oKWePCxqpd6FlLvGV1VU0x7bkPmmCNolxzjMf4NczoDnQcIWrAF+cPtZn5i6n+RfD2d9i0tzpKnG6Yk168yIyw==
    dependencies:
      is-core-module "^2.13.0"
      path-parse "^1.0.7"
      supports-preserve-symlinks-flag "^1.0.0"
  
  rimraf@^2.6.2:
    version "2.7.1"
    resolved "https://registry.yarnpkg.com/rimraf/-/rimraf-2.7.1.tgz#35797f13a7fdadc566142c29d4f07ccad483e3ec"
    integrity sha512-uWjbaKIK3T1OSVptzX7Nl6PvQ3qAGtKEtVRjRuazjfL3Bx5eI409VZSqgND+4UNnmzLVdPj9FqFJNPqBZFve4w==
    dependencies:
      glob "^7.1.3"
  
  rimraf@^3.0.2:
    version "3.0.2"
    resolved "https://registry.yarnpkg.com/rimraf/-/rimraf-3.0.2.tgz#f1a5402ba6220ad52cc1282bac1ae3aa49fd061a"
    integrity sha512-JZkJMZkAGFFPP2YqXZXPbMlMBgsxzE8ILs4lMIX/2o0L9UBw9O/Y3o6wFw/i9YLapcUJWwqbi3kdxIPdC62TIA==
    dependencies:
      glob "^7.1.3"
  
  rw@1:
    version "1.3.3"
    resolved "https://registry.yarnpkg.com/rw/-/rw-1.3.3.tgz#3f862dfa91ab766b14885ef4d01124bfda074fb4"
    integrity sha512-PdhdWy89SiZogBLaw42zdeqtRJ//zFd2PgQavcICDUgJT5oW10QCRKbJ6bg4r0/UY2M6BWd5tkxuGFRvCkgfHQ==
  
  safe-buffer@^5.1.2, safe-buffer@^5.2.1, safe-buffer@~5.2.0:
    version "5.2.1"
    resolved "https://registry.yarnpkg.com/safe-buffer/-/safe-buffer-5.2.1.tgz#1eaf9fa9bdb1fdd4ec75f58f9cdb4e6b7827eec6"
    integrity sha512-rp3So07KcdmmKbGvgaNxQSJr7bGVSVk5S9Eq1F+ppbRo70+YeaDxkw5Dd8NPN+GD6bjnYm2VuPuCXmpuYvmCXQ==
  
  "safer-buffer@>= 2.1.2 < 3", "safer-buffer@>= 2.1.2 < 3.0.0":
    version "2.1.2"
    resolved "https://registry.yarnpkg.com/safer-buffer/-/safer-buffer-2.1.2.tgz#44fa161b0187b9549dd84bb91802f9bd8385cd6a"
    integrity sha512-YZo3K82SD7Riyi0E1EQPojLz7kpepnSQI9IyPbHHg1XXXevb5dJI7tpyN2ADxGcQbHG7vcyRHk0cbwqcQriUtg==
  
  seedrandom@^3.0.5:
    version "3.0.5"
    resolved "https://registry.yarnpkg.com/seedrandom/-/seedrandom-3.0.5.tgz#54edc85c95222525b0c7a6f6b3543d8e0b3aa0a7"
    integrity sha512-8OwmbklUNzwezjGInmZ+2clQmExQPvomqjL7LFqOYqtmuxRgQYqOD3mHaU+MvZn5FLUeVxVfQjwLZW/n/JFuqg==
  
  semver@^6.0.0:
    version "6.3.1"
    resolved "https://registry.yarnpkg.com/semver/-/semver-6.3.1.tgz#556d2ef8689146e46dcea4bfdd095f3434dffcb4"
    integrity sha512-BR7VvDCVHO+q2xBEWskxS6DJE1qRnb7DxzUrogb71CWoSficBxYsiAGd+Kl0mmq/MprG9yArRkyrQxTO6XjMzA==
  
  semver@^7.3.5:
    version "7.6.0"
    resolved "https://registry.yarnpkg.com/semver/-/semver-7.6.0.tgz#1a46a4db4bffcccd97b743b5005c8325f23d4e2d"
    integrity sha512-EnwXhrlwXMk9gKu5/flx5sv/an57AkRplG3hTK68W7FRDN+k+OWBj65M7719OkA82XLBxrcX0KSHj+X5COhOVg==
    dependencies:
      lru-cache "^6.0.0"
  
  set-blocking@^2.0.0:
    version "2.0.0"
    resolved "https://registry.yarnpkg.com/set-blocking/-/set-blocking-2.0.0.tgz#045f9782d011ae9a6803ddd382b24392b3d890f7"
    integrity sha512-KiKBS8AnWGEyLzofFfmvKwpdPzqiy16LvQfK3yv/fVH7Bj13/wl3JSR1J+rfgRE9q7xUJK4qvgS8raSOeLUehw==
  
  setimmediate@^1.0.5:
    version "1.0.5"
    resolved "https://registry.yarnpkg.com/setimmediate/-/setimmediate-1.0.5.tgz#290cbb232e306942d7d7ea9b83732ab7856f8285"
    integrity sha512-MATJdZp8sLqDl/68LfQmbP8zKPLQNV6BIZoIgrscFDQ+RsvK/BxeDQOgyxKKoh0y/8h3BqVFnCqQ/gd+reiIXA==
  
  signal-exit@^3.0.0:
    version "3.0.7"
    resolved "https://registry.yarnpkg.com/signal-exit/-/signal-exit-3.0.7.tgz#a9a1767f8af84155114eaabd73f99273c8f59ad9"
    integrity sha512-wnD2ZE+l+SPC/uoS0vXeE9L1+0wuaMqKlfz9AMUo38JsyLSBWSFcHR1Rri62LZc12vLr1gb3jl7iwQhgwpAbGQ==
  
  sprintf-js@~1.0.2:
    version "1.0.3"
    resolved "https://registry.yarnpkg.com/sprintf-js/-/sprintf-js-1.0.3.tgz#04e6926f662895354f3dd015203633b857297e2c"
    integrity sha512-D9cPgkvLlV3t3IzL0D0YLvGA9Ahk4PcvVwUbN0dSGr1aP0Nrt4AEnTUbuGvquEC0mA64Gqt1fzirlRs5ibXx8g==
  
  "string-width@^1.0.2 || 2 || 3 || 4", string-width@^4.1.0, string-width@^4.2.0, string-width@^4.2.3:
    version "4.2.3"
    resolved "https://registry.yarnpkg.com/string-width/-/string-width-4.2.3.tgz#269c7117d27b05ad2e536830a8ec895ef9c6d010"
    integrity sha512-wKyQRQpjJ0sIp62ErSZdGsjMJWsap5oRNihHhu6G7JVO/9jIB6UyevL+tXuOqrng8j/cxKTWyWUwvSTriiZz/g==
    dependencies:
      emoji-regex "^8.0.0"
      is-fullwidth-code-point "^3.0.0"
      strip-ansi "^6.0.1"
  
  string_decoder@^1.1.1, string_decoder@^1.3.0:
    version "1.3.0"
    resolved "https://registry.yarnpkg.com/string_decoder/-/string_decoder-1.3.0.tgz#42f114594a46cf1a8e30b0a84f56c78c3edac21e"
    integrity sha512-hkRX8U1WjJFd8LsDJ2yQ/wWWxaopEsABU1XfkM8A+j0+85JAGppt16cr1Whg6KIbb4okU6Mql6BOj+uup/wKeA==
    dependencies:
      safe-buffer "~5.2.0"
  
  strip-ansi@^6.0.0, strip-ansi@^6.0.1:
    version "6.0.1"
    resolved "https://registry.yarnpkg.com/strip-ansi/-/strip-ansi-6.0.1.tgz#9e26c63d30f53443e9489495b2105d37b67a85d9"
    integrity sha512-Y38VPSHcqkFrCpFnQ9vuSXmquuv5oXOKpGeT6aGrr3o3Gc9AlVa6JBfUSOCnbxGGZF+/0ooI7KrPuUSztUdU5A==
    dependencies:
      ansi-regex "^5.0.1"
  
  supports-color@^7.1.0:
    version "7.2.0"
    resolved "https://registry.yarnpkg.com/supports-color/-/supports-color-7.2.0.tgz#1b7dcdcb32b8138801b3e478ba6a51caa89648da"
    integrity sha512-qpCAvRl9stuOHveKsn7HncJRvv501qIacKzQlO/+Lwxc9+0q2wLyv4Dfvt80/DPn2pqOBsJdDiogXGR9+OvwRw==
    dependencies:
      has-flag "^4.0.0"
  
  supports-preserve-symlinks-flag@^1.0.0:
    version "1.0.0"
    resolved "https://registry.yarnpkg.com/supports-preserve-symlinks-flag/-/supports-preserve-symlinks-flag-1.0.0.tgz#6eda4bd344a3c94aea376d4cc31bc77311039e09"
    integrity sha512-ot0WnXS9fgdkgIcePe6RHNk1WA8+muPa6cSjeR3V8K27q9BB1rTE3R1p7Hv0z1ZyAc8s6Vvv8DIyWf681MAt0w==
  
  tar@^4.4.6:
    version "4.4.19"
    resolved "https://registry.yarnpkg.com/tar/-/tar-4.4.19.tgz#2e4d7263df26f2b914dee10c825ab132123742f3"
    integrity sha512-a20gEsvHnWe0ygBY8JbxoM4w3SJdhc7ZAuxkLqh+nvNQN2IOt0B5lLgM490X5Hl8FF0dl0tOf2ewFYAlIFgzVA==
    dependencies:
      chownr "^1.1.4"
      fs-minipass "^1.2.7"
      minipass "^2.9.0"
      minizlib "^1.3.3"
      mkdirp "^0.5.5"
      safe-buffer "^5.2.1"
      yallist "^3.1.1"
  
  tar@^6.1.11:
    version "6.2.1"
    resolved "https://registry.yarnpkg.com/tar/-/tar-6.2.1.tgz#717549c541bc3c2af15751bea94b1dd068d4b03a"
    integrity sha512-DZ4yORTwrbTj/7MZYq2w+/ZFdI6OZ/f9SFHR+71gIVUZhOQPHzVCLpvRnPgyaMpfWxxk/4ONva3GQSyNIKRv6A==
    dependencies:
      chownr "^2.0.0"
      fs-minipass "^2.0.0"
      minipass "^5.0.0"
      minizlib "^2.1.1"
      mkdirp "^1.0.3"
      yallist "^4.0.0"
  
  through@^2.3.8:
    version "2.3.8"
    resolved "https://registry.yarnpkg.com/through/-/through-2.3.8.tgz#0dd4c9ffaabc357960b1b724115d7e0e86a2e1f5"
    integrity sha512-w89qg7PI8wAdvX60bMDP+bFoD5Dvhm9oLheFp5O4a2QF0cSBGsBX4qZmadPMvVqlLJBBci+WqGGOAPvcDeNSVg==
  
  topojson-client@^3.1.0:
    version "3.1.0"
    resolved "https://registry.yarnpkg.com/topojson-client/-/topojson-client-3.1.0.tgz#22e8b1ed08a2b922feeb4af6f53b6ef09a467b99"
    integrity sha512-605uxS6bcYxGXw9qi62XyrV6Q3xwbndjachmNxu8HWTtVPxZfEJN9fd/SZS1Q54Sn2y0TMyMxFj/cJINqGHrKw==
    dependencies:
      commander "2"
  
  tr46@~0.0.3:
    version "0.0.3"
    resolved "https://registry.yarnpkg.com/tr46/-/tr46-0.0.3.tgz#8184fd347dac9cdc185992f3a6622e14b9d9ab6a"
    integrity sha512-N3WMsuqV66lT30CrXNbEjx4GEwlow3v6rr4mCcv6prnfwhS01rkgyFdjPNBYd9br7LpXV1+Emh01fHnq2Gdgrw==
  
  ts-node@^10.9.2:
    version "10.9.2"
    resolved "https://registry.yarnpkg.com/ts-node/-/ts-node-10.9.2.tgz#70f021c9e185bccdca820e26dc413805c101c71f"
    integrity sha512-f0FFpIdcHgn8zcPSbf1dRevwt047YMnaiJM3u2w2RewrB+fob/zePZcrOyQoLMMO7aBIddLcQIEK5dYjkLnGrQ==
    dependencies:
      "@cspotcode/source-map-support" "^0.8.0"
      "@tsconfig/node10" "^1.0.7"
      "@tsconfig/node12" "^1.0.7"
      "@tsconfig/node14" "^1.0.0"
      "@tsconfig/node16" "^1.0.2"
      acorn "^8.4.1"
      acorn-walk "^8.1.1"
      arg "^4.1.0"
      create-require "^1.1.0"
      diff "^4.0.1"
      make-error "^1.1.1"
      v8-compile-cache-lib "^3.0.1"
      yn "3.1.1"
  
  tslib@~2.0.0:
    version "2.0.3"
    resolved "https://registry.yarnpkg.com/tslib/-/tslib-2.0.3.tgz#8e0741ac45fc0c226e58a17bfc3e64b9bc6ca61c"
    integrity sha512-uZtkfKblCEQtZKBF6EBXVZeQNl82yqtDQdv+eck8u7tdPxjLu2/lp5/uPW+um2tpuxINHWy3GhiccY7QgEaVHQ==
  
  typescript@^5.4.5:
    version "5.4.5"
    resolved "https://registry.yarnpkg.com/typescript/-/typescript-5.4.5.tgz#42ccef2c571fdbd0f6718b1d1f5e6e5ef006f611"
    integrity sha512-vcI4UpRgg81oIRUFwR0WSIHKt11nJ7SAVlYNIu+QpqeyXP+gpQJy/Z4+F0aGxSE4MqwjyXvW/TzgkLAx2AGHwQ==
  
  ua-parser-js@^0.7.30:
    version "0.7.37"
    resolved "https://registry.yarnpkg.com/ua-parser-js/-/ua-parser-js-0.7.37.tgz#e464e66dac2d33a7a1251d7d7a99d6157ec27832"
    integrity sha512-xV8kqRKM+jhMvcHWUKthV9fNebIzrNy//2O9ZwWcfiBFR5f25XVZPLlEajk/sf3Ra15V92isyQqnIEXRDaZWEA==
  
  undici-types@~5.26.4:
    version "5.26.5"
    resolved "https://registry.yarnpkg.com/undici-types/-/undici-types-5.26.5.tgz#bcd539893d00b56e964fd2657a4866b221a65617"
    integrity sha512-JlCMO+ehdEIKqlFxk6IfVoAUVmgz7cU7zD/h9XZ0qzeosSHmUJVOzSQvvYSYWXkFXC+IfLKSIffhv0sVZup6pA==
  
  util-deprecate@^1.0.1:
    version "1.0.2"
    resolved "https://registry.yarnpkg.com/util-deprecate/-/util-deprecate-1.0.2.tgz#450d4dc9fa70de732762fbd2d4a28981419a0ccf"
    integrity sha512-EPD5q1uXyFxJpCrLnCc1nHnq3gOa6DZBocAIiI2TaSCA7VCJ1UJDMagCzIkXNsUYfD1daK//LTEQ8xiIbrHtcw==
  
  v8-compile-cache-lib@^3.0.1:
    version "3.0.1"
    resolved "https://registry.yarnpkg.com/v8-compile-cache-lib/-/v8-compile-cache-lib-3.0.1.tgz#6336e8d71965cb3d35a1bbb7868445a7c05264bf"
    integrity sha512-wa7YjyUGfNZngI/vtK0UHAN+lgDCxBPCylVXGp0zu59Fz5aiGtNXaq3DhIov063MorB+VfufLh3JlF2KdTK3xg==
  
  vega-canvas@^1.2.5, vega-canvas@^1.2.7:
    version "1.2.7"
    resolved "https://registry.yarnpkg.com/vega-canvas/-/vega-canvas-1.2.7.tgz#cf62169518f5dcd91d24ad352998c2248f8974fb"
    integrity sha512-OkJ9CACVcN9R5Pi9uF6MZBF06pO6qFpDYHWSKBJsdHP5o724KrsgR6UvbnXFH82FdsiTOff/HqjuaG8C7FL+9Q==
  
  vega-crossfilter@~4.0.5:
    version "4.0.5"
    resolved "https://registry.yarnpkg.com/vega-crossfilter/-/vega-crossfilter-4.0.5.tgz#cf6a5fca60821928f976b32f22cf66cfd9cbeeae"
    integrity sha512-yF+iyGP+ZxU7Tcj5yBsMfoUHTCebTALTXIkBNA99RKdaIHp1E690UaGVLZe6xde2n5WaYpho6I/I6wdAW3NXcg==
    dependencies:
      d3-array "^2.7.1"
      vega-dataflow "^5.7.3"
      vega-util "^1.15.2"
  
  vega-dataflow@^5.7.3, vega-dataflow@^5.7.4, vega-dataflow@^5.7.5, vega-dataflow@~5.7.3:
    version "5.7.5"
    resolved "https://registry.yarnpkg.com/vega-dataflow/-/vega-dataflow-5.7.5.tgz#0d559f3c3a968831f2995e099a2e270993ddfed9"
    integrity sha512-EdsIl6gouH67+8B0f22Owr2tKDiMPNNR8lEvJDcxmFw02nXd8juimclpLvjPQriqn6ta+3Dn5txqfD117H04YA==
    dependencies:
      vega-format "^1.1.1"
      vega-loader "^4.5.1"
      vega-util "^1.17.1"
  
  vega-embed@6.17.0:
    version "6.17.0"
    resolved "https://registry.yarnpkg.com/vega-embed/-/vega-embed-6.17.0.tgz#6afe157ef31c473a799fce1d45e3878a3c80c5e2"
    integrity sha512-9eiVZCrLDb/EiVCMbMYouWB/q9dOeVkL5Bh0vU6wsUpIV/bbEvS47uljuo3YSxFqkfNpJ+Qt8xvLRiYSnN4lqw==
    dependencies:
      fast-json-patch "^3.0.0-1"
      json-stringify-pretty-compact "^3.0.0"
      semver "^7.3.5"
      vega-schema-url-parser "^2.1.0"
      vega-themes "^2.10.0"
      vega-tooltip "^0.25.1"
  
  vega-encode@~4.8.3:
    version "4.8.3"
    resolved "https://registry.yarnpkg.com/vega-encode/-/vega-encode-4.8.3.tgz#b3048fb39845d72f18d8dc302ad697f826e0ff83"
    integrity sha512-JoRYtaV2Hs8spWLzTu/IjR7J9jqRmuIOEicAaWj6T9NSZrNWQzu2zF3IVsX85WnrIDIRUDaehXaFZvy9uv9RQg==
    dependencies:
      d3-array "^2.7.1"
      d3-interpolate "^2.0.1"
      vega-dataflow "^5.7.3"
      vega-scale "^7.0.3"
      vega-util "^1.15.2"
  
  vega-event-selector@^3.0.0:
    version "3.0.1"
    resolved "https://registry.yarnpkg.com/vega-event-selector/-/vega-event-selector-3.0.1.tgz#b99e92147b338158f8079d81b28b2e7199c2e259"
    integrity sha512-K5zd7s5tjr1LiOOkjGpcVls8GsH/f2CWCrWcpKy74gTCp+llCdwz0Enqo013ZlGaRNjfgD/o1caJRt3GSaec4A==
  
  vega-event-selector@~2.0.3, vega-event-selector@~2.0.6:
    version "2.0.6"
    resolved "https://registry.yarnpkg.com/vega-event-selector/-/vega-event-selector-2.0.6.tgz#6beb00e066b78371dde1a0f40cb5e0bbaecfd8bc"
    integrity sha512-UwCu50Sqd8kNZ1X/XgiAY+QAyQUmGFAwyDu7y0T5fs6/TPQnDo/Bo346NgSgINBEhEKOAMY1Nd/rPOk4UEm/ew==
  
  vega-expression@^5.0.0, vega-expression@^5.0.1, vega-expression@^5.1.0:
    version "5.1.0"
    resolved "https://registry.yarnpkg.com/vega-expression/-/vega-expression-5.1.0.tgz#4ec0e66b56a2faba88361eb717011303bbb1ff61"
    integrity sha512-u8Rzja/cn2PEUkhQN3zUj3REwNewTA92ExrcASNKUJPCciMkHJEjESwFYuI6DWMCq4hQElQ92iosOAtwzsSTqA==
    dependencies:
      "@types/estree" "^1.0.0"
      vega-util "^1.17.1"
  
  vega-expression@~2.6.5:
    version "2.6.6"
    resolved "https://registry.yarnpkg.com/vega-expression/-/vega-expression-2.6.6.tgz#ce32d548b44ae93cdfcbf190e10c14e602ef0788"
    integrity sha512-zxPzXO33FawU3WQHRmHJaRreyJlyMaNMn1uuCFSouJttPkBBWB5gCrha2f5+pF3t4NMFWTnSrgCkR6mcaubnng==
    dependencies:
      vega-util "^1.15.0"
  
  vega-expression@~4.0.1:
    version "4.0.1"
    resolved "https://registry.yarnpkg.com/vega-expression/-/vega-expression-4.0.1.tgz#c03e4fc68a00acac49557faa4e4ed6ac8a59c5fd"
    integrity sha512-ZrDj0hP8NmrCpdLFf7Rd/xMUHGoSYsAOTaYp7uXZ2dkEH5x0uPy5laECMc8TiQvL8W+8IrN2HAWCMRthTSRe2Q==
    dependencies:
      vega-util "^1.16.0"
  
  vega-force@~4.0.7:
    version "4.0.7"
    resolved "https://registry.yarnpkg.com/vega-force/-/vega-force-4.0.7.tgz#6dc39ecb7889d9102661244d62fbc8d8714162ee"
    integrity sha512-pyLKdwXSZ9C1dVIqdJOobvBY29rLvZjvRRTla9BU/nMwAiAGlGi6WKUFdRGdneyGe3zo2nSZDTZlZM/Z5VaQNA==
    dependencies:
      d3-force "^2.1.1"
      vega-dataflow "^5.7.3"
      vega-util "^1.15.2"
  
  vega-format@^1.0.4, vega-format@^1.1.1:
    version "1.1.1"
    resolved "https://registry.yarnpkg.com/vega-format/-/vega-format-1.1.1.tgz#92e4876e18064e7ad54f39045f7b24dede0030b8"
    integrity sha512-Rll7YgpYbsgaAa54AmtEWrxaJqgOh5fXlvM2wewO4trb9vwM53KBv4Q/uBWCLK3LLGeBXIF6gjDt2LFuJAUtkQ==
    dependencies:
      d3-array "^3.2.2"
      d3-format "^3.1.0"
      d3-time-format "^4.1.0"
      vega-time "^2.1.1"
      vega-util "^1.17.1"
  
  vega-format@~1.0.4:
    version "1.0.4"
    resolved "https://registry.yarnpkg.com/vega-format/-/vega-format-1.0.4.tgz#40c0c252d11128738b845ee73d8173f8064d6626"
    integrity sha512-oTAeub3KWm6nKhXoYCx1q9G3K43R6/pDMXvqDlTSUtjoY7b/Gixm8iLcir5S9bPjvH40n4AcbZsPmNfL/Up77A==
    dependencies:
      d3-array "^2.7.1"
      d3-format "^2.0.0"
      d3-time-format "^3.0.0"
      vega-time "^2.0.3"
      vega-util "^1.15.2"
  
  vega-functions@^5.10.0, vega-functions@^5.12.1:
    version "5.14.0"
    resolved "https://registry.yarnpkg.com/vega-functions/-/vega-functions-5.14.0.tgz#8235157ae35c0e12f9122e3b783d693967de3c40"
    integrity sha512-Q0rocHmJDfQ0tS91kdN8WcEosq1e3HPK1Yf5z36SPYPmTzKw3uxUGE52tLxC832acAYqPmi8R41wAoI/yFQTPg==
    dependencies:
      d3-array "^3.2.2"
      d3-color "^3.1.0"
      d3-geo "^3.1.0"
      vega-dataflow "^5.7.5"
      vega-expression "^5.1.0"
      vega-scale "^7.3.0"
      vega-scenegraph "^4.10.2"
      vega-selections "^5.4.2"
      vega-statistics "^1.8.1"
      vega-time "^2.1.1"
      vega-util "^1.17.1"
  
  vega-functions@~5.12.0:
    version "5.12.1"
    resolved "https://registry.yarnpkg.com/vega-functions/-/vega-functions-5.12.1.tgz#b69f9ad4cd9f777dbc942587c02261b2f4cdba2c"
    integrity sha512-7cHfcjXOj27qEbh2FTzWDl7FJK4xGcMFF7+oiyqa0fp7BU/wNT5YdNV0t5kCX9WjV7mfJWACKV74usLJbyM6GA==
    dependencies:
      d3-array "^2.7.1"
      d3-color "^2.0.0"
      d3-geo "^2.0.1"
      vega-dataflow "^5.7.3"
      vega-expression "^5.0.0"
      vega-scale "^7.1.1"
      vega-scenegraph "^4.9.3"
      vega-selections "^5.3.1"
      vega-statistics "^1.7.9"
      vega-time "^2.0.4"
      vega-util "^1.16.0"
  
  vega-geo@~4.3.8:
    version "4.3.8"
    resolved "https://registry.yarnpkg.com/vega-geo/-/vega-geo-4.3.8.tgz#5629d18327bb4f3700cdf05db4aced0a43abbf4a"
    integrity sha512-fsGxV96Q/QRgPqOPtMBZdI+DneIiROKTG3YDZvGn0EdV16OG5LzFhbNgLT5GPzI+kTwgLpAsucBHklexlB4kfg==
    dependencies:
      d3-array "^2.7.1"
      d3-color "^2.0.0"
      d3-geo "^2.0.1"
      vega-canvas "^1.2.5"
      vega-dataflow "^5.7.3"
      vega-projection "^1.4.5"
      vega-statistics "^1.7.9"
      vega-util "^1.15.2"
  
  vega-hierarchy@~4.0.9:
    version "4.0.9"
    resolved "https://registry.yarnpkg.com/vega-hierarchy/-/vega-hierarchy-4.0.9.tgz#4b4bafbc181a14a280ecdbee8874c0db7e369f47"
    integrity sha512-4XaWK6V38/QOZ+vllKKTafiwL25m8Kd+ebHmDV+Q236ONHmqc/gv82wwn9nBeXPEfPv4FyJw2SRoqa2Jol6fug==
    dependencies:
      d3-hierarchy "^2.0.0"
      vega-dataflow "^5.7.3"
      vega-util "^1.15.2"
  
  vega-label@~1.0.0:
    version "1.0.0"
    resolved "https://registry.yarnpkg.com/vega-label/-/vega-label-1.0.0.tgz#c3bea3a608a62217ca554ecc0f7fe0395d81bd1b"
    integrity sha512-hCdm2pcHgkKgxnzW9GvX5JmYNiUMlOXOibtMmBzvFBQHX3NiV9giQ5nsPiQiFbV08VxEPtM+VYXr2HyrIcq5zQ==
    dependencies:
      vega-canvas "^1.2.5"
      vega-dataflow "^5.7.3"
      vega-scenegraph "^4.9.2"
      vega-util "^1.15.2"
  
  vega-lite@4.13.1:
    version "4.13.1"
    resolved "https://registry.yarnpkg.com/vega-lite/-/vega-lite-4.13.1.tgz#e9ee31c76cb93565e287a760700e432e57244064"
    integrity sha512-OHZSSqVLuikoZ3idz3jIRk0UCKtVU2Lq5gaD6cLNTnJjNetoHKKdfZ023LVj4+Y9yWPz5meb+EJUsfBAGfF4Vw==
    dependencies:
      "@types/clone" "~0.1.30"
      "@types/fast-json-stable-stringify" "^2.0.0"
      array-flat-polyfill "^1.0.1"
      clone "~2.1.2"
      fast-deep-equal "~3.1.1"
      fast-json-stable-stringify "~2.1.0"
      json-stringify-pretty-compact "~2.0.0"
      tslib "~2.0.0"
      vega-event-selector "~2.0.3"
      vega-expression "~2.6.5"
      vega-util "~1.14.0"
      yargs "~15.3.1"
  
  vega-loader@^4.3.3, vega-loader@^4.5.1:
    version "4.5.1"
    resolved "https://registry.yarnpkg.com/vega-loader/-/vega-loader-4.5.1.tgz#b85262b3cb8376487db0c014a8a13c3a5e6d52ad"
    integrity sha512-qy5x32SaT0YkEujQM2yKqvLGV9XWQ2aEDSugBFTdYzu/1u4bxdUSRDREOlrJ9Km3RWIOgFiCkobPmFxo47SKuA==
    dependencies:
      d3-dsv "^3.0.1"
      node-fetch "^2.6.7"
      topojson-client "^3.1.0"
      vega-format "^1.1.1"
      vega-util "^1.17.1"
  
  vega-loader@~4.4.0:
    version "4.4.1"
    resolved "https://registry.yarnpkg.com/vega-loader/-/vega-loader-4.4.1.tgz#8f9de46202f33659d1a2737f6e322a9fc3364275"
    integrity sha512-dj65i4qlNhK0mOmjuchHgUrF5YUaWrYpx0A8kXA68lBk5Hkx8FNRztkcl07CZJ1+8V81ymEyJii9jzGbhEX0ag==
    dependencies:
      d3-dsv "^2.0.0"
      node-fetch "^2.6.1"
      topojson-client "^3.1.0"
      vega-format "^1.0.4"
      vega-util "^1.16.0"
  
  vega-parser@~6.1.3:
    version "6.1.4"
    resolved "https://registry.yarnpkg.com/vega-parser/-/vega-parser-6.1.4.tgz#4868e41af2c9645b6d7daeeb205cfad06b9d465c"
    integrity sha512-tORdpWXiH/kkXcpNdbSVEvtaxBuuDtgYp9rBunVW9oLsjFvFXbSWlM1wvJ9ZFSaTfx6CqyTyGMiJemmr1QnTjQ==
    dependencies:
      vega-dataflow "^5.7.3"
      vega-event-selector "^3.0.0"
      vega-functions "^5.12.1"
      vega-scale "^7.1.1"
      vega-util "^1.16.0"
  
  vega-projection@^1.4.5:
    version "1.6.0"
    resolved "https://registry.yarnpkg.com/vega-projection/-/vega-projection-1.6.0.tgz#921acd3220e7d9d04ccd5ce0109433afb3236966"
    integrity sha512-LGUaO/kpOEYuTlul+x+lBzyuL9qmMwP1yShdUWYLW+zXoeyGbs5OZW+NbPPwLYqJr5lpXDr/vGztFuA/6g2xvQ==
    dependencies:
      d3-geo "^3.1.0"
      d3-geo-projection "^4.0.0"
      vega-scale "^7.3.0"
  
  vega-projection@~1.4.5:
    version "1.4.5"
    resolved "https://registry.yarnpkg.com/vega-projection/-/vega-projection-1.4.5.tgz#020cb646b4eaae535359da25f4f48eef8d324af2"
    integrity sha512-85kWcPv0zrrNfxescqHtSYpRknilrS0K3CVRZc7IYQxnLtL1oma9WEbrSr1LCmDoCP5hl2Z1kKbomPXkrQX5Ag==
    dependencies:
      d3-geo "^2.0.1"
      d3-geo-projection "^3.0.0"
  
  vega-regression@~1.0.9:
    version "1.0.9"
    resolved "https://registry.yarnpkg.com/vega-regression/-/vega-regression-1.0.9.tgz#f33da47fe457e03ad134782c11414bcef7b1da82"
    integrity sha512-KSr3QbCF0vJEAWFVY2MA9X786oiJncTTr3gqRMPoaLr/Yo3f7OPKXRoUcw36RiWa0WCOEMgTYtM28iK6ZuSgaA==
    dependencies:
      d3-array "^2.7.1"
      vega-dataflow "^5.7.3"
      vega-statistics "^1.7.9"
      vega-util "^1.15.2"
  
  vega-runtime@^6.1.3, vega-runtime@~6.1.3:
    version "6.1.4"
    resolved "https://registry.yarnpkg.com/vega-runtime/-/vega-runtime-6.1.4.tgz#98b67160cea9554e690bfd44719f9d17f90c4220"
    integrity sha512-0dDYXyFLQcxPQ2OQU0WuBVYLRZnm+/CwVu6i6N4idS7R9VXIX5581EkCh3pZ20pQ/+oaA7oJ0pR9rJgJ6rukRQ==
    dependencies:
      vega-dataflow "^5.7.5"
      vega-util "^1.17.1"
  
  vega-scale@^7.0.3, vega-scale@^7.1.1, vega-scale@^7.3.0:
    version "7.3.1"
    resolved "https://registry.yarnpkg.com/vega-scale/-/vega-scale-7.3.1.tgz#5cb23d1edcf5d759e25fe40b7608a6132a62da46"
    integrity sha512-tyTlaaCpHN2Ik/PPKl/j9ThadBDjPtypqW1D7IsUSkzfoZ7RPlI2jwAaoj2C/YW5jFRbEOx3njmjogp48I5CvA==
    dependencies:
      d3-array "^3.2.2"
      d3-interpolate "^3.0.1"
      d3-scale "^4.0.2"
      vega-time "^2.1.1"
      vega-util "^1.17.1"
  
  vega-scale@~7.1.1:
    version "7.1.1"
    resolved "https://registry.yarnpkg.com/vega-scale/-/vega-scale-7.1.1.tgz#b69a38d1980f6fc1093390f796e556be63fdc808"
    integrity sha512-yE0to0prA9E5PBJ/XP77TO0BMkzyUVyt7TH5PAwj+CZT7PMsMO6ozihelRhoIiVcP0Ae/ByCEQBUQkzN5zJ0ZA==
    dependencies:
      d3-array "^2.7.1"
      d3-interpolate "^2.0.1"
      d3-scale "^3.2.2"
      vega-time "^2.0.4"
      vega-util "^1.15.2"
  
  vega-scenegraph@^4.10.2, vega-scenegraph@^4.9.2, vega-scenegraph@^4.9.3, vega-scenegraph@^4.9.4:
    version "4.11.2"
    resolved "https://registry.yarnpkg.com/vega-scenegraph/-/vega-scenegraph-4.11.2.tgz#7e9cad503c95fb5af22691bbd394faa8a0b97ce9"
    integrity sha512-PXSvv/L7Ek+9mwOTPLpzgkXdfGCR+AcWV5aquPGrqCWoiIF49VJkKFNT1HWxj3RZJX0XKo2r7SuXvRBb9EJ1aA==
    dependencies:
      d3-path "^3.1.0"
      d3-shape "^3.2.0"
      vega-canvas "^1.2.7"
      vega-loader "^4.5.1"
      vega-scale "^7.3.0"
      vega-util "^1.17.1"
  
  vega-scenegraph@~4.9.4:
    version "4.9.4"
    resolved "https://registry.yarnpkg.com/vega-scenegraph/-/vega-scenegraph-4.9.4.tgz#468408c1e89703fa9d3450445daabff623de2757"
    integrity sha512-QaegQzbFE2yhYLNWAmHwAuguW3yTtQrmwvfxYT8tk0g+KKodrQ5WSmNrphWXhqwtsgVSvtdZkfp2IPeumcOQJg==
    dependencies:
      d3-path "^2.0.0"
      d3-shape "^2.0.0"
      vega-canvas "^1.2.5"
      vega-loader "^4.3.3"
      vega-scale "^7.1.1"
      vega-util "^1.15.2"
  
  vega-schema-url-parser@^2.1.0:
    version "2.2.0"
    resolved "https://registry.yarnpkg.com/vega-schema-url-parser/-/vega-schema-url-parser-2.2.0.tgz#a0d1e02915adfbfcb1fd517c8c2ebe2419985c1e"
    integrity sha512-yAtdBnfYOhECv9YC70H2gEiqfIbVkq09aaE4y/9V/ovEFmH9gPKaEgzIZqgT7PSPQjKhsNkb6jk6XvSoboxOBw==
  
  vega-selections@^5.3.1, vega-selections@^5.4.2:
    version "5.4.2"
    resolved "https://registry.yarnpkg.com/vega-selections/-/vega-selections-5.4.2.tgz#cb4f41f5d4c0ee924ebf131b8dbd43e7885bcad4"
    integrity sha512-99FUhYmg0jOJr2/K4TcEURmJRkuibrCDc8KBUX7qcQEITzrZ5R6a4QE+sarCvbb3hi8aA9GV2oyST6MQeA9mgQ==
    dependencies:
      d3-array "3.2.4"
      vega-expression "^5.0.1"
      vega-util "^1.17.1"
  
  vega-statistics@^1.7.9, vega-statistics@^1.8.1:
    version "1.9.0"
    resolved "https://registry.yarnpkg.com/vega-statistics/-/vega-statistics-1.9.0.tgz#7d6139cea496b22d60decfa6abd73346f70206f9"
    integrity sha512-GAqS7mkatpXcMCQKWtFu1eMUKLUymjInU0O8kXshWaQrVWjPIO2lllZ1VNhdgE0qGj4oOIRRS11kzuijLshGXQ==
    dependencies:
      d3-array "^3.2.2"
  
  vega-statistics@~1.7.9:
    version "1.7.10"
    resolved "https://registry.yarnpkg.com/vega-statistics/-/vega-statistics-1.7.10.tgz#4353637402e5e96bff2ebd16bd58e2c15cac3018"
    integrity sha512-QLb12gcfpDZ9K5h3TLGrlz4UXDH9wSPyg9LLfOJZacxvvJEPohacUQNrGEAVtFO9ccUCerRfH9cs25ZtHsOZrw==
    dependencies:
      d3-array "^2.7.1"
  
  vega-themes@^2.10.0:
    version "2.14.0"
    resolved "https://registry.yarnpkg.com/vega-themes/-/vega-themes-2.14.0.tgz#0df269396e057123ecf3942e3b704bf125d1eed7"
    integrity sha512-9dLmsUER7gJrDp8SEYKxBFmXmpyzLlToKIjxq3HCvYjz8cnNrRGyAhvIlKWOB3ZnGvfYV+vnv3ZRElSNL31nkA==
  
  vega-time@^2.0.3, vega-time@^2.0.4, vega-time@^2.1.1:
    version "2.1.1"
    resolved "https://registry.yarnpkg.com/vega-time/-/vega-time-2.1.1.tgz#0f1fb4e220dd5ed57401b58fb2293241f049ada0"
    integrity sha512-z1qbgyX0Af2kQSGFbApwBbX2meenGvsoX8Nga8uyWN8VIbiySo/xqizz1KrP6NbB6R+x5egKmkjdnyNThPeEWA==
    dependencies:
      d3-array "^3.2.2"
      d3-time "^3.1.0"
      vega-util "^1.17.1"
  
  vega-time@~2.0.4:
    version "2.0.4"
    resolved "https://registry.yarnpkg.com/vega-time/-/vega-time-2.0.4.tgz#ff308358a831de927caa44e281cdc96f0863ba08"
    integrity sha512-U314UDR9+ZlWrD3KBaeH+j/c2WSMdvcZq5yJfFT0yTg1jsBKAQBYFGvl+orackD8Zx3FveHOxx3XAObaQeDX+Q==
    dependencies:
      d3-array "^2.7.1"
      d3-time "^2.0.0"
      vega-util "^1.15.2"
  
  vega-tooltip@^0.25.1:
    version "0.25.1"
    resolved "https://registry.yarnpkg.com/vega-tooltip/-/vega-tooltip-0.25.1.tgz#cb7e438438649eb46896e7bee6f54e25d25b3c09"
    integrity sha512-ugGwGi2/p3OpB8N15xieuzP8DyV5DreqMWcmJ9zpWT8GlkyKtef4dGRXnvHeHQ+iJFmWrq4oZJ+kLTrdiECjAg==
    dependencies:
      vega-util "^1.16.0"
  
  vega-transforms@~4.9.3:
    version "4.9.4"
    resolved "https://registry.yarnpkg.com/vega-transforms/-/vega-transforms-4.9.4.tgz#5cf6b91bda9f184bbbaba63838be8e5e6a571235"
    integrity sha512-JGBhm5Bf6fiGTUSB5Qr5ckw/KU9FJcSV5xIe/y4IobM/i/KNwI1i1fP45LzP4F4yZc0DMTwJod2UvFHGk9plKA==
    dependencies:
      d3-array "^2.7.1"
      vega-dataflow "^5.7.4"
      vega-statistics "^1.7.9"
      vega-time "^2.0.4"
      vega-util "^1.16.1"
  
  vega-typings@~0.20.0:
    version "0.20.0"
    resolved "https://registry.yarnpkg.com/vega-typings/-/vega-typings-0.20.0.tgz#aac32f45ca69d3640d205ffdd9cd94fe1d6dcc19"
    integrity sha512-S+HIRN/3WYiS5zrQjJ4FDEOlvFVHLxPXMJerrnN3YZ6bxCDYo7tEvQUUuByGZ3d19GuKjgejczWS7XHvF3WjDw==
    dependencies:
      vega-util "^1.15.2"
  
  vega-util@^1.15.0, vega-util@^1.15.2, vega-util@^1.16.0, vega-util@^1.16.1, vega-util@^1.17.1:
    version "1.17.2"
    resolved "https://registry.yarnpkg.com/vega-util/-/vega-util-1.17.2.tgz#f69aa09fd5d6110c19c4a0f0af9e35945b99987d"
    integrity sha512-omNmGiZBdjm/jnHjZlywyYqafscDdHaELHx1q96n5UOz/FlO9JO99P4B3jZg391EFG8dqhWjQilSf2JH6F1mIw==
  
  vega-util@~1.14.0:
    version "1.14.1"
    resolved "https://registry.yarnpkg.com/vega-util/-/vega-util-1.14.1.tgz#0fb614277764f98738ba0b80e5cdfbe663426183"
    integrity sha512-pSKJ8OCkgfgHZDTljyj+gmGltgulceWbk1BV6LWrXqp6P3J8qPA/oZA8+a93YNApYxXZ3yzIVUDOo5O27xk0jw==
  
  vega-util@~1.16.1:
    version "1.16.1"
    resolved "https://registry.yarnpkg.com/vega-util/-/vega-util-1.16.1.tgz#992bf3c3b6e145797214d99862841baea417ba39"
    integrity sha512-FdgD72fmZMPJE99FxvFXth0IL4BbLA93WmBg/lvcJmfkK4Uf90WIlvGwaIUdSePIsdpkZjBPyQcHMQ8OcS8Smg==
  
  vega-view-transforms@~4.5.8:
    version "4.5.9"
    resolved "https://registry.yarnpkg.com/vega-view-transforms/-/vega-view-transforms-4.5.9.tgz#5f109555c08ee9ac23ff9183d578eb9cbac6fe61"
    integrity sha512-NxEq4ZD4QwWGRrl2yDLnBRXM9FgCI+vvYb3ZC2+nVDtkUxOlEIKZsMMw31op5GZpfClWLbjCT3mVvzO2xaTF+g==
    dependencies:
      vega-dataflow "^5.7.5"
      vega-scenegraph "^4.10.2"
      vega-util "^1.17.1"
  
  vega-view@~5.10.0:
    version "5.10.1"
    resolved "https://registry.yarnpkg.com/vega-view/-/vega-view-5.10.1.tgz#b69348bb32a9845a1bd341fdd946df98684fadc3"
    integrity sha512-4xvQ5KZcgKdZx1Z7jjenCUumvlyr/j4XcHLRf9gyeFrFvvS596dVpL92V8twhV6O++DmS2+fj+rHagO8Di4nMg==
    dependencies:
      d3-array "^2.7.1"
      d3-timer "^2.0.0"
      vega-dataflow "^5.7.3"
      vega-format "^1.0.4"
      vega-functions "^5.10.0"
      vega-runtime "^6.1.3"
      vega-scenegraph "^4.9.4"
      vega-util "^1.16.1"
  
  vega-voronoi@~4.1.5:
    version "4.1.5"
    resolved "https://registry.yarnpkg.com/vega-voronoi/-/vega-voronoi-4.1.5.tgz#e7af574d4c27fd9cb12d70082f12c6f59b80b445"
    integrity sha512-950IkgCFLj0zG33EWLAm1hZcp+FMqWcNQliMYt+MJzOD5S4MSpZpZ7K4wp2M1Jktjw/CLKFL9n38JCI0i3UonA==
    dependencies:
      d3-delaunay "^5.3.0"
      vega-dataflow "^5.7.3"
      vega-util "^1.15.2"
  
  vega-wordcloud@~4.1.3:
    version "4.1.4"
    resolved "https://registry.yarnpkg.com/vega-wordcloud/-/vega-wordcloud-4.1.4.tgz#38584cf47ef52325d6a8dc38908b5d2378cc6e62"
    integrity sha512-oeZLlnjiusLAU5vhk0IIdT5QEiJE0x6cYoGNq1th+EbwgQp153t4r026fcib9oq15glHFOzf81a8hHXHSJm1Jw==
    dependencies:
      vega-canvas "^1.2.7"
      vega-dataflow "^5.7.5"
      vega-scale "^7.3.0"
      vega-statistics "^1.8.1"
      vega-util "^1.17.1"
  
  vega@5.20.0:
    version "5.20.0"
    resolved "https://registry.yarnpkg.com/vega/-/vega-5.20.0.tgz#8be803391c9441d569a72531917b69d62edb5e57"
    integrity sha512-L2hDaTH2gz9DFbu7l1B8fR637HzctViuosFCo/Db5aBe93fCJ/w/oJu+vQNfQELzfm9sntkS/+A4u+39xrDCNA==
    dependencies:
      vega-crossfilter "~4.0.5"
      vega-dataflow "~5.7.3"
      vega-encode "~4.8.3"
      vega-event-selector "~2.0.6"
      vega-expression "~4.0.1"
      vega-force "~4.0.7"
      vega-format "~1.0.4"
      vega-functions "~5.12.0"
      vega-geo "~4.3.8"
      vega-hierarchy "~4.0.9"
      vega-label "~1.0.0"
      vega-loader "~4.4.0"
      vega-parser "~6.1.3"
      vega-projection "~1.4.5"
      vega-regression "~1.0.9"
      vega-runtime "~6.1.3"
      vega-scale "~7.1.1"
      vega-scenegraph "~4.9.4"
      vega-statistics "~1.7.9"
      vega-time "~2.0.4"
      vega-transforms "~4.9.3"
      vega-typings "~0.20.0"
      vega-util "~1.16.1"
      vega-view "~5.10.0"
      vega-view-transforms "~4.5.8"
      vega-voronoi "~4.1.5"
      vega-wordcloud "~4.1.3"
  
  webidl-conversions@^3.0.0:
    version "3.0.1"
    resolved "https://registry.yarnpkg.com/webidl-conversions/-/webidl-conversions-3.0.1.tgz#24534275e2a7bc6be7bc86611cc16ae0a5654871"
    integrity sha512-2JAn3z8AR6rjK8Sm8orRC0h/bcl/DqL7tRPdGZ4I1CjdF+EaMLmYxBHyXuKL849eucPFhvBoxMsflfOb8kxaeQ==
  
  whatwg-fetch@>=0.10.0:
    version "3.6.20"
    resolved "https://registry.yarnpkg.com/whatwg-fetch/-/whatwg-fetch-3.6.20.tgz#580ce6d791facec91d37c72890995a0b48d31c70"
    integrity sha512-EqhiFU6daOA8kpjOWTL0olhVOF3i7OrFzSYiGsEMB8GcXS+RrzauAERX65xMeNWVqxA6HXH2m69Z9LaKKdisfg==
  
  whatwg-url@^5.0.0:
    version "5.0.0"
    resolved "https://registry.yarnpkg.com/whatwg-url/-/whatwg-url-5.0.0.tgz#966454e8765462e37644d3626f6742ce8b70965d"
    integrity sha512-saE57nupxk6v3HY35+jzBwYa0rKSy0XR8JSxZPwgLr7ys0IBzhGviA1/TUGJLmSVqs8pb9AnvICXEuOHLprYTw==
    dependencies:
      tr46 "~0.0.3"
      webidl-conversions "^3.0.0"
  
  which-module@^2.0.0:
    version "2.0.1"
    resolved "https://registry.yarnpkg.com/which-module/-/which-module-2.0.1.tgz#776b1fe35d90aebe99e8ac15eb24093389a4a409"
    integrity sha512-iBdZ57RDvnOR9AGBhML2vFZf7h8vmBjhoaZqODJBFWHVtKkDmKuHai3cx5PgVMrX5YDNp27AofYbAwctSS+vhQ==
  
  wide-align@^1.1.2:
    version "1.1.5"
    resolved "https://registry.yarnpkg.com/wide-align/-/wide-align-1.1.5.tgz#df1d4c206854369ecf3c9a4898f1b23fbd9d15d3"
    integrity sha512-eDMORYaPNZ4sQIuuYPDHdQvf4gyCF9rEEV/yPxGfwPkRodwEgiMUUXTx/dex+Me0wxx53S+NgUHaP7y3MGlDmg==
    dependencies:
      string-width "^1.0.2 || 2 || 3 || 4"
  
  wrap-ansi@^6.2.0:
    version "6.2.0"
    resolved "https://registry.yarnpkg.com/wrap-ansi/-/wrap-ansi-6.2.0.tgz#e9393ba07102e6c91a3b221478f0257cd2856e53"
    integrity sha512-r6lPcBGxZXlIcymEu7InxDMhdW0KDxpLgoFLcguasxCaJ/SOIZwINatK9KY/tf+ZrlywOKU0UDj3ATXUBfxJXA==
    dependencies:
      ansi-styles "^4.0.0"
      string-width "^4.1.0"
      strip-ansi "^6.0.0"
  
  wrap-ansi@^7.0.0:
    version "7.0.0"
    resolved "https://registry.yarnpkg.com/wrap-ansi/-/wrap-ansi-7.0.0.tgz#67e145cff510a6a6984bdf1152911d69d2eb9e43"
    integrity sha512-YVGIj2kamLSTxw6NsZjoBxfSwsn0ycdesmc4p+Q21c5zPuZ1pl+NfxVdxPtdHvmNVOQ6XSYG4AUtyt/Fi7D16Q==
    dependencies:
      ansi-styles "^4.0.0"
      string-width "^4.1.0"
      strip-ansi "^6.0.0"
  
  wrappy@1:
    version "1.0.2"
    resolved "https://registry.yarnpkg.com/wrappy/-/wrappy-1.0.2.tgz#b5243d8f3ec1aa35f1364605bc0d1036e30ab69f"
    integrity sha512-l4Sp/DRseor9wL6EvV2+TuQn63dMkPjZ/sp9XkghTEbV9KlPS1xUsZ3u7/IQO4wxtcFB4bgpQPRcR3QCvezPcQ==
  
  y18n@^4.0.0:
    version "4.0.3"
    resolved "https://registry.yarnpkg.com/y18n/-/y18n-4.0.3.tgz#b5f259c82cd6e336921efd7bfd8bf560de9eeedf"
    integrity sha512-JKhqTOwSrqNA1NY5lSztJ1GrBiUodLMmIZuLiDaMRJ+itFd+ABVE8XBjOvIWL+rSqNDC74LCSFmlb/U4UZ4hJQ==
  
  y18n@^5.0.5:
    version "5.0.8"
    resolved "https://registry.yarnpkg.com/y18n/-/y18n-5.0.8.tgz#7f4934d0f7ca8c56f95314939ddcd2dd91ce1d55"
    integrity sha512-0pfFzegeDWJHJIAmTLRP2DwHjdF5s7jo9tuztdQxAhINCdvS+3nGINqPd00AphqJR/0LhANUS6/+7SCb98YOfA==
  
  yallist@^3.0.0, yallist@^3.1.1:
    version "3.1.1"
    resolved "https://registry.yarnpkg.com/yallist/-/yallist-3.1.1.tgz#dbb7daf9bfd8bac9ab45ebf602b8cbad0d5d08fd"
    integrity sha512-a4UGQaWPH59mOXUYnAG2ewncQS4i4F43Tv3JoAM+s2VDAmS9NsK8GpDMLrCHPksFT7h3K6TOoUNn2pb7RoXx4g==
  
  yallist@^4.0.0:
    version "4.0.0"
    resolved "https://registry.yarnpkg.com/yallist/-/yallist-4.0.0.tgz#9bb92790d9c0effec63be73519e11a35019a3a72"
    integrity sha512-3wdGidZyq5PB084XLES5TpOSRA3wjXAlIWMhum2kRcv/41Sn2emQ0dycQW4uZXLejwKvg6EsvbdlVL+FYEct7A==
  
  yargs-parser@^18.1.1:
    version "18.1.3"
    resolved "https://registry.yarnpkg.com/yargs-parser/-/yargs-parser-18.1.3.tgz#be68c4975c6b2abf469236b0c870362fab09a7b0"
    integrity sha512-o50j0JeToy/4K6OZcaQmW6lyXXKhq7csREXcDwk2omFPJEwUNOVtJKvmDr9EI1fAJZUyZcRF7kxGBWmRXudrCQ==
    dependencies:
      camelcase "^5.0.0"
      decamelize "^1.2.0"
  
  yargs-parser@^20.2.2:
    version "20.2.9"
    resolved "https://registry.yarnpkg.com/yargs-parser/-/yargs-parser-20.2.9.tgz#2eb7dc3b0289718fc295f362753845c41a0c94ee"
    integrity sha512-y11nGElTIV+CT3Zv9t7VKl+Q3hTQoT9a1Qzezhhl6Rp21gJ/IVTW7Z3y9EWXhuUBC2Shnf+DX0antecpAwSP8w==
  
  yargs@^16.0.3:
    version "16.2.0"
    resolved "https://registry.yarnpkg.com/yargs/-/yargs-16.2.0.tgz#1c82bf0f6b6a66eafce7ef30e376f49a12477f66"
    integrity sha512-D1mvvtDG0L5ft/jGWkLpG1+m0eQxOfaBvTNELraWj22wSVUMWxZUvYgJYcKh6jGGIkJFhH4IZPQhR4TKpc8mBw==
    dependencies:
      cliui "^7.0.2"
      escalade "^3.1.1"
      get-caller-file "^2.0.5"
      require-directory "^2.1.1"
      string-width "^4.2.0"
      y18n "^5.0.5"
      yargs-parser "^20.2.2"
  
  yargs@~15.3.1:
    version "15.3.1"
    resolved "https://registry.yarnpkg.com/yargs/-/yargs-15.3.1.tgz#9505b472763963e54afe60148ad27a330818e98b"
    integrity sha512-92O1HWEjw27sBfgmXiixJWT5hRBp2eobqXicLtPBIDBhYB+1HpwZlXmbW2luivBJHBzki+7VyCLRtAkScbTBQA==
    dependencies:
      cliui "^6.0.0"
      decamelize "^1.2.0"
      find-up "^4.1.0"
      get-caller-file "^2.0.1"
      require-directory "^2.1.1"
      require-main-filename "^2.0.0"
      set-blocking "^2.0.0"
      string-width "^4.2.0"
      which-module "^2.0.0"
      y18n "^4.0.0"
      yargs-parser "^18.1.1"
  
  yn@3.1.1:
    version "3.1.1"
    resolved "https://registry.yarnpkg.com/yn/-/yn-3.1.1.tgz#1e87401a09d767c1d5eab26a6e4c185182d2eb50"
    integrity sha512-Ux4ygGWsu2c7isFWe8Yu1YluJmqVhxqK2cLXNQA5AcC3QfbGNpM7fu0Y8b/z16pXLnFxZYvWhd3fhBY9DLmC6Q==
